{"C:\\Users\\ivyng\\Documents\\uoft-semesters\\w25\\cscc01\\project\\term-group-project-c01w25-project-devour-devs\\server\\constants.js": {"path":"C:\\Users\\ivyng\\Documents\\uoft-semesters\\w25\\cscc01\\project\\term-group-project-c01w25-project-devour-devs\\server\\constants.js","statementMap":{"0":{"start":{"line":1,"column":34},"end":{"line":1,"column":52}},"1":{"start":{"line":14,"column":35},"end":{"line":21,"column":102}},"2":{"start":{"line":23,"column":35},"end":{"line":25,"column":1}}},"fnMap":{},"branchMap":{},"s":{"0":1,"1":1,"2":1},"f":{},"b":{},"_coverageSchema":"1a1c01bbd47fc00a2c39e90264f33305004495a9","hash":"4fe7a805eb8a753b63ff04f731e70b8686b6919c"}
,"C:\\Users\\ivyng\\Documents\\uoft-semesters\\w25\\cscc01\\project\\term-group-project-c01w25-project-devour-devs\\server\\index.js": {"path":"C:\\Users\\ivyng\\Documents\\uoft-semesters\\w25\\cscc01\\project\\term-group-project-c01w25-project-devour-devs\\server\\index.js","statementMap":{"0":{"start":{"line":18,"column":0},"end":{"line":18,"column":15}},"1":{"start":{"line":20,"column":12},"end":{"line":20,"column":21}},"2":{"start":{"line":21,"column":0},"end":{"line":21,"column":23}},"3":{"start":{"line":22,"column":0},"end":{"line":22,"column":23}},"4":{"start":{"line":25,"column":19},"end":{"line":28,"column":1}},"5":{"start":{"line":29,"column":0},"end":{"line":29,"column":25}},"6":{"start":{"line":32,"column":0},"end":{"line":38,"column":2}},"7":{"start":{"line":33,"column":4},"end":{"line":33,"column":42}},"8":{"start":{"line":34,"column":4},"end":{"line":37,"column":6}},"9":{"start":{"line":41,"column":0},"end":{"line":41,"column":32}},"10":{"start":{"line":42,"column":0},"end":{"line":42,"column":33}},"11":{"start":{"line":43,"column":0},"end":{"line":43,"column":38}},"12":{"start":{"line":44,"column":0},"end":{"line":46,"column":1}},"13":{"start":{"line":45,"column":2},"end":{"line":45,"column":36}},"14":{"start":{"line":47,"column":0},"end":{"line":47,"column":36}},"15":{"start":{"line":48,"column":0},"end":{"line":48,"column":34}},"16":{"start":{"line":51,"column":0},"end":{"line":54,"column":1}},"17":{"start":{"line":52,"column":23},"end":{"line":52,"column":53}},"18":{"start":{"line":53,"column":22},"end":{"line":53,"column":46}},"19":{"start":{"line":56,"column":0},"end":{"line":56,"column":37}},"20":{"start":{"line":58,"column":0},"end":{"line":58,"column":37}},"21":{"start":{"line":59,"column":0},"end":{"line":59,"column":34}},"22":{"start":{"line":60,"column":0},"end":{"line":76,"column":1}},"23":{"start":{"line":61,"column":4},"end":{"line":61,"column":14}},"24":{"start":{"line":62,"column":4},"end":{"line":62,"column":45}},"25":{"start":{"line":63,"column":4},"end":{"line":63,"column":50}},"26":{"start":{"line":65,"column":5},"end":{"line":76,"column":1}},"27":{"start":{"line":67,"column":4},"end":{"line":67,"column":40}},"28":{"start":{"line":68,"column":4},"end":{"line":70,"column":71}},"29":{"start":{"line":69,"column":18},"end":{"line":69,"column":42}},"30":{"start":{"line":70,"column":23},"end":{"line":70,"column":70}},"31":{"start":{"line":73,"column":4},"end":{"line":75,"column":6}},"32":{"start":{"line":74,"column":8},"end":{"line":74,"column":43}}},"fnMap":{"0":{"name":"(anonymous_0)","decl":{"start":{"line":32,"column":8},"end":{"line":32,"column":9}},"loc":{"start":{"line":32,"column":33},"end":{"line":38,"column":1}},"line":32},"1":{"name":"(anonymous_1)","decl":{"start":{"line":69,"column":11},"end":{"line":69,"column":12}},"loc":{"start":{"line":69,"column":17},"end":{"line":69,"column":43}},"line":69},"2":{"name":"(anonymous_2)","decl":{"start":{"line":70,"column":12},"end":{"line":70,"column":13}},"loc":{"start":{"line":70,"column":23},"end":{"line":70,"column":70}},"line":70},"3":{"name":"(anonymous_3)","decl":{"start":{"line":73,"column":33},"end":{"line":73,"column":34}},"loc":{"start":{"line":73,"column":39},"end":{"line":75,"column":5}},"line":73}},"branchMap":{"0":{"loc":{"start":{"line":44,"column":0},"end":{"line":46,"column":1}},"type":"if","locations":[{"start":{"line":44,"column":0},"end":{"line":46,"column":1}},{"start":{},"end":{}}],"line":44},"1":{"loc":{"start":{"line":51,"column":0},"end":{"line":54,"column":1}},"type":"if","locations":[{"start":{"line":51,"column":0},"end":{"line":54,"column":1}},{"start":{},"end":{}}],"line":51},"2":{"loc":{"start":{"line":60,"column":0},"end":{"line":76,"column":1}},"type":"if","locations":[{"start":{"line":60,"column":0},"end":{"line":76,"column":1}},{"start":{"line":65,"column":5},"end":{"line":76,"column":1}}],"line":60},"3":{"loc":{"start":{"line":65,"column":5},"end":{"line":76,"column":1}},"type":"if","locations":[{"start":{"line":65,"column":5},"end":{"line":76,"column":1}},{"start":{},"end":{}}],"line":65}},"s":{"0":1,"1":1,"2":1,"3":1,"4":1,"5":1,"6":1,"7":0,"8":0,"9":1,"10":1,"11":1,"12":1,"13":0,"14":1,"15":1,"16":1,"17":0,"18":0,"19":1,"20":1,"21":1,"22":1,"23":0,"24":0,"25":0,"26":1,"27":0,"28":0,"29":0,"30":0,"31":0,"32":0},"f":{"0":0,"1":0,"2":0,"3":0},"b":{"0":[0,1],"1":[0,1],"2":[0,1],"3":[0,1]},"_coverageSchema":"1a1c01bbd47fc00a2c39e90264f33305004495a9","hash":"f6e7f44a61e8a241379bc8baf27d8f4f6ebd0b12"}
,"C:\\Users\\ivyng\\Documents\\uoft-semesters\\w25\\cscc01\\project\\term-group-project-c01w25-project-devour-devs\\server\\controllers\\aiAssistantController.js": {"path":"C:\\Users\\ivyng\\Documents\\uoft-semesters\\w25\\cscc01\\project\\term-group-project-c01w25-project-devour-devs\\server\\controllers\\aiAssistantController.js","statementMap":{"0":{"start":{"line":5,"column":0},"end":{"line":5,"column":16}},"1":{"start":{"line":7,"column":23},"end":{"line":7,"column":49}},"2":{"start":{"line":8,"column":14},"end":{"line":8,"column":52}},"3":{"start":{"line":9,"column":28},"end":{"line":13,"column":89}},"4":{"start":{"line":15,"column":14},"end":{"line":15,"column":109}},"5":{"start":{"line":17,"column":34},"end":{"line":43,"column":1}},"6":{"start":{"line":18,"column":29},"end":{"line":18,"column":37}},"7":{"start":{"line":20,"column":4},"end":{"line":22,"column":5}},"8":{"start":{"line":21,"column":8},"end":{"line":21,"column":70}},"9":{"start":{"line":24,"column":4},"end":{"line":42,"column":5}},"10":{"start":{"line":25,"column":23},"end":{"line":37,"column":10}},"11":{"start":{"line":38,"column":8},"end":{"line":38,"column":132}},"12":{"start":{"line":41,"column":8},"end":{"line":41,"column":65}},"13":{"start":{"line":45,"column":24},"end":{"line":59,"column":1}},"14":{"start":{"line":46,"column":33},"end":{"line":46,"column":41}},"15":{"start":{"line":48,"column":4},"end":{"line":50,"column":5}},"16":{"start":{"line":49,"column":8},"end":{"line":49,"column":65}},"17":{"start":{"line":52,"column":4},"end":{"line":58,"column":5}},"18":{"start":{"line":53,"column":21},"end":{"line":53,"column":63}},"19":{"start":{"line":54,"column":23},"end":{"line":54,"column":54}},"20":{"start":{"line":55,"column":8},"end":{"line":55,"column":89}},"21":{"start":{"line":57,"column":8},"end":{"line":57,"column":65}},"22":{"start":{"line":64,"column":25},"end":{"line":72,"column":1}},"23":{"start":{"line":65,"column":36},"end":{"line":66,"column":108}},"24":{"start":{"line":67,"column":18},"end":{"line":67,"column":145}},"25":{"start":{"line":68,"column":17},"end":{"line":68,"column":59}},"26":{"start":{"line":69,"column":25},"end":{"line":69,"column":56}},"27":{"start":{"line":70,"column":24},"end":{"line":70,"column":47}},"28":{"start":{"line":71,"column":4},"end":{"line":71,"column":39}},"29":{"start":{"line":74,"column":30},"end":{"line":78,"column":1}}},"fnMap":{"0":{"name":"(anonymous_0)","decl":{"start":{"line":17,"column":34},"end":{"line":17,"column":35}},"loc":{"start":{"line":17,"column":54},"end":{"line":43,"column":1}},"line":17},"1":{"name":"(anonymous_1)","decl":{"start":{"line":45,"column":24},"end":{"line":45,"column":25}},"loc":{"start":{"line":45,"column":44},"end":{"line":59,"column":1}},"line":45},"2":{"name":"(anonymous_2)","decl":{"start":{"line":64,"column":25},"end":{"line":64,"column":26}},"loc":{"start":{"line":64,"column":53},"end":{"line":72,"column":1}},"line":64}},"branchMap":{"0":{"loc":{"start":{"line":20,"column":4},"end":{"line":22,"column":5}},"type":"if","locations":[{"start":{"line":20,"column":4},"end":{"line":22,"column":5}},{"start":{},"end":{}}],"line":20},"1":{"loc":{"start":{"line":48,"column":4},"end":{"line":50,"column":5}},"type":"if","locations":[{"start":{"line":48,"column":4},"end":{"line":50,"column":5}},{"start":{},"end":{}}],"line":48},"2":{"loc":{"start":{"line":53,"column":48},"end":{"line":53,"column":61}},"type":"binary-expr","locations":[{"start":{"line":53,"column":48},"end":{"line":53,"column":55}},{"start":{"line":53,"column":59},"end":{"line":53,"column":61}}],"line":53},"3":{"loc":{"start":{"line":68,"column":44},"end":{"line":68,"column":57}},"type":"binary-expr","locations":[{"start":{"line":68,"column":44},"end":{"line":68,"column":51}},{"start":{"line":68,"column":55},"end":{"line":68,"column":57}}],"line":68}},"s":{"0":1,"1":1,"2":1,"3":1,"4":1,"5":1,"6":0,"7":0,"8":0,"9":0,"10":0,"11":0,"12":0,"13":1,"14":0,"15":0,"16":0,"17":0,"18":0,"19":0,"20":0,"21":0,"22":1,"23":0,"24":0,"25":0,"26":0,"27":0,"28":0,"29":1},"f":{"0":0,"1":0,"2":0},"b":{"0":[0,0],"1":[0,0],"2":[0,0],"3":[0,0]},"_coverageSchema":"1a1c01bbd47fc00a2c39e90264f33305004495a9","hash":"12269d0714b72c543d6e8a7d32c42673e0bc1272"}
,"C:\\Users\\ivyng\\Documents\\uoft-semesters\\w25\\cscc01\\project\\term-group-project-c01w25-project-devour-devs\\server\\controllers\\authController.js": {"path":"C:\\Users\\ivyng\\Documents\\uoft-semesters\\w25\\cscc01\\project\\term-group-project-c01w25-project-devour-devs\\server\\controllers\\authController.js","statementMap":{"0":{"start":{"line":5,"column":17},"end":{"line":48,"column":1}},"1":{"start":{"line":6,"column":4},"end":{"line":47,"column":5}},"2":{"start":{"line":7,"column":42},"end":{"line":7,"column":50}},"3":{"start":{"line":10,"column":8},"end":{"line":10,"column":33}},"4":{"start":{"line":11,"column":8},"end":{"line":11,"column":27}},"5":{"start":{"line":12,"column":8},"end":{"line":12,"column":33}},"6":{"start":{"line":15,"column":30},"end":{"line":15,"column":63}},"7":{"start":{"line":16,"column":8},"end":{"line":21,"column":9}},"8":{"start":{"line":17,"column":12},"end":{"line":20,"column":14}},"9":{"start":{"line":24,"column":33},"end":{"line":24,"column":72}},"10":{"start":{"line":25,"column":8},"end":{"line":30,"column":9}},"11":{"start":{"line":26,"column":12},"end":{"line":29,"column":14}},"12":{"start":{"line":33,"column":24},"end":{"line":33,"column":61}},"13":{"start":{"line":34,"column":8},"end":{"line":34,"column":29}},"14":{"start":{"line":36,"column":8},"end":{"line":40,"column":10}},"15":{"start":{"line":42,"column":8},"end":{"line":45,"column":10}},"16":{"start":{"line":46,"column":8},"end":{"line":46,"column":26}},"17":{"start":{"line":50,"column":14},"end":{"line":89,"column":1}},"18":{"start":{"line":51,"column":4},"end":{"line":88,"column":5}},"19":{"start":{"line":52,"column":32},"end":{"line":52,"column":40}},"20":{"start":{"line":55,"column":8},"end":{"line":55,"column":27}},"21":{"start":{"line":56,"column":8},"end":{"line":56,"column":33}},"22":{"start":{"line":59,"column":21},"end":{"line":59,"column":54}},"23":{"start":{"line":60,"column":8},"end":{"line":65,"column":9}},"24":{"start":{"line":61,"column":12},"end":{"line":64,"column":14}},"25":{"start":{"line":68,"column":22},"end":{"line":73,"column":10}},"26":{"start":{"line":76,"column":8},"end":{"line":81,"column":10}},"27":{"start":{"line":84,"column":8},"end":{"line":87,"column":10}},"28":{"start":{"line":91,"column":11},"end":{"line":102,"column":1}},"29":{"start":{"line":92,"column":4},"end":{"line":97,"column":5}},"30":{"start":{"line":93,"column":8},"end":{"line":96,"column":10}},"31":{"start":{"line":98,"column":4},"end":{"line":101,"column":6}},"32":{"start":{"line":104,"column":18},"end":{"line":106,"column":1}},"33":{"start":{"line":105,"column":4},"end":{"line":105,"column":22}},"34":{"start":{"line":108,"column":23},"end":{"line":113,"column":1}}},"fnMap":{"0":{"name":"(anonymous_0)","decl":{"start":{"line":5,"column":17},"end":{"line":5,"column":18}},"loc":{"start":{"line":5,"column":37},"end":{"line":48,"column":1}},"line":5},"1":{"name":"(anonymous_1)","decl":{"start":{"line":50,"column":14},"end":{"line":50,"column":15}},"loc":{"start":{"line":50,"column":34},"end":{"line":89,"column":1}},"line":50},"2":{"name":"(anonymous_2)","decl":{"start":{"line":91,"column":11},"end":{"line":91,"column":12}},"loc":{"start":{"line":91,"column":25},"end":{"line":102,"column":1}},"line":91},"3":{"name":"(anonymous_3)","decl":{"start":{"line":104,"column":18},"end":{"line":104,"column":19}},"loc":{"start":{"line":104,"column":32},"end":{"line":106,"column":1}},"line":104}},"branchMap":{"0":{"loc":{"start":{"line":16,"column":8},"end":{"line":21,"column":9}},"type":"if","locations":[{"start":{"line":16,"column":8},"end":{"line":21,"column":9}},{"start":{},"end":{}}],"line":16},"1":{"loc":{"start":{"line":25,"column":8},"end":{"line":30,"column":9}},"type":"if","locations":[{"start":{"line":25,"column":8},"end":{"line":30,"column":9}},{"start":{},"end":{}}],"line":25},"2":{"loc":{"start":{"line":60,"column":8},"end":{"line":65,"column":9}},"type":"if","locations":[{"start":{"line":60,"column":8},"end":{"line":65,"column":9}},{"start":{},"end":{}}],"line":60},"3":{"loc":{"start":{"line":60,"column":11},"end":{"line":60,"column":59}},"type":"binary-expr","locations":[{"start":{"line":60,"column":11},"end":{"line":60,"column":16}},{"start":{"line":60,"column":20},"end":{"line":60,"column":59}}],"line":60},"4":{"loc":{"start":{"line":92,"column":4},"end":{"line":97,"column":5}},"type":"if","locations":[{"start":{"line":92,"column":4},"end":{"line":97,"column":5}},{"start":{},"end":{}}],"line":92}},"s":{"0":1,"1":3,"2":3,"3":3,"4":3,"5":3,"6":3,"7":3,"8":1,"9":2,"10":2,"11":1,"12":1,"13":1,"14":1,"15":0,"16":0,"17":1,"18":2,"19":2,"20":2,"21":2,"22":2,"23":2,"24":0,"25":2,"26":2,"27":0,"28":1,"29":1,"30":0,"31":1,"32":1,"33":0,"34":1},"f":{"0":3,"1":2,"2":1,"3":0},"b":{"0":[1,2],"1":[1,1],"2":[0,2],"3":[2,2],"4":[0,1]},"_coverageSchema":"1a1c01bbd47fc00a2c39e90264f33305004495a9","hash":"c0703e6eb94723240a208b46061c6dca1d99e2be"}
,"C:\\Users\\ivyng\\Documents\\uoft-semesters\\w25\\cscc01\\project\\term-group-project-c01w25-project-devour-devs\\server\\controllers\\imageController.js": {"path":"C:\\Users\\ivyng\\Documents\\uoft-semesters\\w25\\cscc01\\project\\term-group-project-c01w25-project-devour-devs\\server\\controllers\\imageController.js","statementMap":{"0":{"start":{"line":8,"column":0},"end":{"line":8,"column":16}},"1":{"start":{"line":9,"column":25},"end":{"line":9,"column":53}},"2":{"start":{"line":13,"column":18},"end":{"line":25,"column":1}},"3":{"start":{"line":15,"column":4},"end":{"line":18,"column":5}},"4":{"start":{"line":16,"column":8},"end":{"line":16,"column":56}},"5":{"start":{"line":17,"column":8},"end":{"line":17,"column":15}},"6":{"start":{"line":19,"column":4},"end":{"line":24,"column":5}},"7":{"start":{"line":20,"column":8},"end":{"line":20,"column":120}},"8":{"start":{"line":21,"column":8},"end":{"line":21,"column":49}},"9":{"start":{"line":23,"column":8},"end":{"line":23,"column":53}},"10":{"start":{"line":27,"column":21},"end":{"line":32,"column":1}},"11":{"start":{"line":28,"column":22},"end":{"line":28,"column":66}},"12":{"start":{"line":29,"column":23},"end":{"line":29,"column":136}},"13":{"start":{"line":30,"column":24},"end":{"line":30,"column":133}},"14":{"start":{"line":31,"column":4},"end":{"line":31,"column":36}},"15":{"start":{"line":35,"column":0},"end":{"line":37,"column":1}},"16":{"start":{"line":36,"column":4},"end":{"line":36,"column":16}},"17":{"start":{"line":38,"column":34},"end":{"line":38,"column":48}},"18":{"start":{"line":40,"column":24},"end":{"line":86,"column":1}},"19":{"start":{"line":41,"column":22},"end":{"line":41,"column":35}},"20":{"start":{"line":42,"column":4},"end":{"line":85,"column":5}},"21":{"start":{"line":43,"column":8},"end":{"line":45,"column":9}},"22":{"start":{"line":44,"column":12},"end":{"line":44,"column":82}},"23":{"start":{"line":47,"column":28},"end":{"line":47,"column":54}},"24":{"start":{"line":50,"column":23},"end":{"line":53,"column":24}},"25":{"start":{"line":56,"column":28},"end":{"line":56,"column":55}},"26":{"start":{"line":57,"column":33},"end":{"line":57,"column":121}},"27":{"start":{"line":57,"column":77},"end":{"line":57,"column":119}},"28":{"start":{"line":57,"column":106},"end":{"line":57,"column":118}},"29":{"start":{"line":58,"column":99},"end":{"line":58,"column":115}},"30":{"start":{"line":61,"column":35},"end":{"line":61,"column":74}},"31":{"start":{"line":62,"column":38},"end":{"line":62,"column":82}},"32":{"start":{"line":63,"column":30},"end":{"line":63,"column":65}},"33":{"start":{"line":64,"column":34},"end":{"line":64,"column":73}},"34":{"start":{"line":65,"column":32},"end":{"line":65,"column":69}},"35":{"start":{"line":66,"column":34},"end":{"line":66,"column":73}},"36":{"start":{"line":69,"column":8},"end":{"line":69,"column":42}},"37":{"start":{"line":70,"column":8},"end":{"line":78,"column":10}},"38":{"start":{"line":80,"column":8},"end":{"line":80,"column":55}},"39":{"start":{"line":81,"column":8},"end":{"line":81,"column":55}},"40":{"start":{"line":84,"column":8},"end":{"line":84,"column":37}},"41":{"start":{"line":88,"column":33},"end":{"line":91,"column":1}},"42":{"start":{"line":89,"column":18},"end":{"line":89,"column":67}},"43":{"start":{"line":90,"column":4},"end":{"line":90,"column":29}},"44":{"start":{"line":93,"column":36},"end":{"line":108,"column":1}},"45":{"start":{"line":94,"column":19},"end":{"line":94,"column":21}},"46":{"start":{"line":95,"column":16},"end":{"line":97,"column":52}},"47":{"start":{"line":96,"column":8},"end":{"line":96,"column":22}},"48":{"start":{"line":97,"column":22},"end":{"line":97,"column":39}},"49":{"start":{"line":99,"column":4},"end":{"line":105,"column":5}},"50":{"start":{"line":99,"column":16},"end":{"line":99,"column":17}},"51":{"start":{"line":100,"column":8},"end":{"line":104,"column":9}},"52":{"start":{"line":101,"column":12},"end":{"line":101,"column":51}},"53":{"start":{"line":103,"column":12},"end":{"line":103,"column":18}},"54":{"start":{"line":107,"column":4},"end":{"line":107,"column":18}},"55":{"start":{"line":110,"column":34},"end":{"line":113,"column":1}},"56":{"start":{"line":111,"column":18},"end":{"line":111,"column":34}},"57":{"start":{"line":112,"column":4},"end":{"line":112,"column":27}},"58":{"start":{"line":115,"column":20},"end":{"line":126,"column":1}},"59":{"start":{"line":116,"column":4},"end":{"line":125,"column":6}},"60":{"start":{"line":117,"column":8},"end":{"line":124,"column":10}},"61":{"start":{"line":118,"column":12},"end":{"line":123,"column":13}},"62":{"start":{"line":119,"column":16},"end":{"line":119,"column":60}},"63":{"start":{"line":120,"column":16},"end":{"line":120,"column":27}},"64":{"start":{"line":122,"column":16},"end":{"line":122,"column":26}},"65":{"start":{"line":128,"column":28},"end":{"line":153,"column":1}},"66":{"start":{"line":129,"column":22},"end":{"line":129,"column":35}},"67":{"start":{"line":130,"column":4},"end":{"line":152,"column":3}},"68":{"start":{"line":131,"column":18},"end":{"line":131,"column":66}},"69":{"start":{"line":132,"column":21},"end":{"line":142,"column":6}},"70":{"start":{"line":144,"column":23},"end":{"line":144,"column":48}},"71":{"start":{"line":145,"column":4},"end":{"line":145,"column":41}},"72":{"start":{"line":147,"column":4},"end":{"line":147,"column":24}},"73":{"start":{"line":148,"column":4},"end":{"line":148,"column":81}},"74":{"start":{"line":151,"column":4},"end":{"line":151,"column":33}},"75":{"start":{"line":155,"column":24},"end":{"line":158,"column":1}}},"fnMap":{"0":{"name":"(anonymous_0)","decl":{"start":{"line":13,"column":18},"end":{"line":13,"column":19}},"loc":{"start":{"line":13,"column":30},"end":{"line":25,"column":1}},"line":13},"1":{"name":"(anonymous_1)","decl":{"start":{"line":27,"column":21},"end":{"line":27,"column":22}},"loc":{"start":{"line":27,"column":27},"end":{"line":32,"column":1}},"line":27},"2":{"name":"(anonymous_2)","decl":{"start":{"line":40,"column":24},"end":{"line":40,"column":25}},"loc":{"start":{"line":40,"column":44},"end":{"line":86,"column":1}},"line":40},"3":{"name":"(anonymous_3)","decl":{"start":{"line":57,"column":67},"end":{"line":57,"column":68}},"loc":{"start":{"line":57,"column":77},"end":{"line":57,"column":119}},"line":57},"4":{"name":"(anonymous_4)","decl":{"start":{"line":57,"column":97},"end":{"line":57,"column":98}},"loc":{"start":{"line":57,"column":106},"end":{"line":57,"column":118}},"line":57},"5":{"name":"(anonymous_5)","decl":{"start":{"line":88,"column":33},"end":{"line":88,"column":34}},"loc":{"start":{"line":88,"column":52},"end":{"line":91,"column":1}},"line":88},"6":{"name":"(anonymous_6)","decl":{"start":{"line":93,"column":36},"end":{"line":93,"column":37}},"loc":{"start":{"line":93,"column":57},"end":{"line":108,"column":1}},"line":93},"7":{"name":"(anonymous_7)","decl":{"start":{"line":95,"column":36},"end":{"line":95,"column":37}},"loc":{"start":{"line":96,"column":8},"end":{"line":96,"column":22}},"line":96},"8":{"name":"(anonymous_8)","decl":{"start":{"line":97,"column":12},"end":{"line":97,"column":13}},"loc":{"start":{"line":97,"column":22},"end":{"line":97,"column":39}},"line":97},"9":{"name":"(anonymous_9)","decl":{"start":{"line":110,"column":34},"end":{"line":110,"column":35}},"loc":{"start":{"line":110,"column":53},"end":{"line":113,"column":1}},"line":110},"10":{"name":"(anonymous_10)","decl":{"start":{"line":115,"column":20},"end":{"line":115,"column":21}},"loc":{"start":{"line":115,"column":34},"end":{"line":126,"column":1}},"line":115},"11":{"name":"(anonymous_11)","decl":{"start":{"line":116,"column":23},"end":{"line":116,"column":24}},"loc":{"start":{"line":116,"column":44},"end":{"line":125,"column":5}},"line":116},"12":{"name":"(anonymous_12)","decl":{"start":{"line":117,"column":28},"end":{"line":117,"column":29}},"loc":{"start":{"line":117,"column":36},"end":{"line":124,"column":9}},"line":117},"13":{"name":"(anonymous_13)","decl":{"start":{"line":128,"column":28},"end":{"line":128,"column":29}},"loc":{"start":{"line":128,"column":48},"end":{"line":153,"column":1}},"line":128}},"branchMap":{"0":{"loc":{"start":{"line":15,"column":4},"end":{"line":18,"column":5}},"type":"if","locations":[{"start":{"line":15,"column":4},"end":{"line":18,"column":5}},{"start":{},"end":{}}],"line":15},"1":{"loc":{"start":{"line":35,"column":0},"end":{"line":37,"column":1}},"type":"if","locations":[{"start":{"line":35,"column":0},"end":{"line":37,"column":1}},{"start":{},"end":{}}],"line":35},"2":{"loc":{"start":{"line":43,"column":8},"end":{"line":45,"column":9}},"type":"if","locations":[{"start":{"line":43,"column":8},"end":{"line":45,"column":9}},{"start":{},"end":{}}],"line":43},"3":{"loc":{"start":{"line":100,"column":8},"end":{"line":104,"column":9}},"type":"if","locations":[{"start":{"line":100,"column":8},"end":{"line":104,"column":9}},{"start":{"line":102,"column":15},"end":{"line":104,"column":9}}],"line":100},"4":{"loc":{"start":{"line":118,"column":12},"end":{"line":123,"column":13}},"type":"if","locations":[{"start":{"line":118,"column":12},"end":{"line":123,"column":13}},{"start":{"line":121,"column":19},"end":{"line":123,"column":13}}],"line":118}},"s":{"0":1,"1":1,"2":1,"3":0,"4":0,"5":0,"6":0,"7":0,"8":0,"9":0,"10":1,"11":1,"12":1,"13":1,"14":1,"15":1,"16":0,"17":1,"18":1,"19":0,"20":0,"21":0,"22":0,"23":0,"24":0,"25":0,"26":0,"27":0,"28":0,"29":0,"30":0,"31":0,"32":0,"33":0,"34":0,"35":0,"36":0,"37":0,"38":0,"39":0,"40":0,"41":1,"42":0,"43":0,"44":1,"45":0,"46":0,"47":0,"48":0,"49":0,"50":0,"51":0,"52":0,"53":0,"54":0,"55":1,"56":0,"57":0,"58":1,"59":0,"60":0,"61":0,"62":0,"63":0,"64":0,"65":1,"66":0,"67":0,"68":0,"69":0,"70":0,"71":0,"72":0,"73":0,"74":0,"75":1},"f":{"0":0,"1":1,"2":0,"3":0,"4":0,"5":0,"6":0,"7":0,"8":0,"9":0,"10":0,"11":0,"12":0,"13":0},"b":{"0":[0,0],"1":[0,1],"2":[0,0],"3":[0,0],"4":[0,0]},"_coverageSchema":"1a1c01bbd47fc00a2c39e90264f33305004495a9","hash":"f1bb6b0715fe98e16104665add037325e667c22a"}
,"C:\\Users\\ivyng\\Documents\\uoft-semesters\\w25\\cscc01\\project\\term-group-project-c01w25-project-devour-devs\\server\\controllers\\intakeController.js": {"path":"C:\\Users\\ivyng\\Documents\\uoft-semesters\\w25\\cscc01\\project\\term-group-project-c01w25-project-devour-devs\\server\\controllers\\intakeController.js","statementMap":{"0":{"start":{"line":4,"column":19},"end":{"line":18,"column":1}},"1":{"start":{"line":5,"column":71},"end":{"line":5,"column":79}},"2":{"start":{"line":7,"column":4},"end":{"line":17,"column":5}},"3":{"start":{"line":8,"column":26},"end":{"line":10,"column":10}},"4":{"start":{"line":12,"column":8},"end":{"line":12,"column":31}},"5":{"start":{"line":13,"column":8},"end":{"line":13,"column":109}},"6":{"start":{"line":15,"column":8},"end":{"line":15,"column":84}},"7":{"start":{"line":16,"column":8},"end":{"line":16,"column":26}},"8":{"start":{"line":21,"column":19},"end":{"line":49,"column":1}},"9":{"start":{"line":22,"column":19},"end":{"line":22,"column":34}},"10":{"start":{"line":23,"column":21},"end":{"line":23,"column":30}},"11":{"start":{"line":25,"column":4},"end":{"line":27,"column":5}},"12":{"start":{"line":26,"column":8},"end":{"line":26,"column":65}},"13":{"start":{"line":29,"column":4},"end":{"line":48,"column":5}},"14":{"start":{"line":30,"column":8},"end":{"line":30,"column":25}},"15":{"start":{"line":31,"column":28},"end":{"line":31,"column":61}},"16":{"start":{"line":32,"column":26},"end":{"line":32,"column":59}},"17":{"start":{"line":34,"column":24},"end":{"line":37,"column":29}},"18":{"start":{"line":39,"column":8},"end":{"line":41,"column":9}},"19":{"start":{"line":40,"column":12},"end":{"line":40,"column":92}},"20":{"start":{"line":42,"column":8},"end":{"line":42,"column":47}},"21":{"start":{"line":44,"column":8},"end":{"line":47,"column":10}},"22":{"start":{"line":51,"column":21},"end":{"line":65,"column":1}},"23":{"start":{"line":52,"column":23},"end":{"line":52,"column":32}},"24":{"start":{"line":53,"column":19},"end":{"line":53,"column":34}},"25":{"start":{"line":55,"column":4},"end":{"line":64,"column":5}},"26":{"start":{"line":56,"column":23},"end":{"line":56,"column":85}},"27":{"start":{"line":57,"column":8},"end":{"line":59,"column":9}},"28":{"start":{"line":58,"column":12},"end":{"line":58,"column":71}},"29":{"start":{"line":61,"column":8},"end":{"line":61,"column":78}},"30":{"start":{"line":63,"column":8},"end":{"line":63,"column":94}},"31":{"start":{"line":69,"column":27},"end":{"line":108,"column":1}},"32":{"start":{"line":70,"column":19},"end":{"line":70,"column":28}},"33":{"start":{"line":71,"column":19},"end":{"line":71,"column":34}},"34":{"start":{"line":72,"column":4},"end":{"line":74,"column":5}},"35":{"start":{"line":73,"column":8},"end":{"line":73,"column":65}},"36":{"start":{"line":76,"column":4},"end":{"line":107,"column":5}},"37":{"start":{"line":77,"column":28},"end":{"line":77,"column":61}},"38":{"start":{"line":78,"column":26},"end":{"line":78,"column":59}},"39":{"start":{"line":80,"column":31},"end":{"line":83,"column":10}},"40":{"start":{"line":85,"column":8},"end":{"line":87,"column":9}},"41":{"start":{"line":86,"column":12},"end":{"line":86,"column":94}},"42":{"start":{"line":93,"column":30},"end":{"line":93,"column":98}},"43":{"start":{"line":93,"column":71},"end":{"line":93,"column":94}},"44":{"start":{"line":94,"column":29},"end":{"line":94,"column":96}},"45":{"start":{"line":94,"column":70},"end":{"line":94,"column":92}},"46":{"start":{"line":95,"column":27},"end":{"line":95,"column":92}},"47":{"start":{"line":95,"column":68},"end":{"line":95,"column":88}},"48":{"start":{"line":96,"column":25},"end":{"line":96,"column":88}},"49":{"start":{"line":96,"column":66},"end":{"line":96,"column":84}},"50":{"start":{"line":98,"column":8},"end":{"line":104,"column":13}},"51":{"start":{"line":106,"column":8},"end":{"line":106,"column":115}},"52":{"start":{"line":110,"column":24},"end":{"line":144,"column":1}},"53":{"start":{"line":111,"column":19},"end":{"line":111,"column":34}},"54":{"start":{"line":113,"column":4},"end":{"line":143,"column":5}},"55":{"start":{"line":114,"column":22},"end":{"line":114,"column":32}},"56":{"start":{"line":115,"column":25},"end":{"line":115,"column":35}},"57":{"start":{"line":116,"column":8},"end":{"line":116,"column":46}},"58":{"start":{"line":118,"column":36},"end":{"line":135,"column":10}},"59":{"start":{"line":137,"column":8},"end":{"line":137,"column":63}},"60":{"start":{"line":139,"column":8},"end":{"line":142,"column":11}},"61":{"start":{"line":146,"column":25},"end":{"line":152,"column":1}}},"fnMap":{"0":{"name":"(anonymous_0)","decl":{"start":{"line":4,"column":19},"end":{"line":4,"column":20}},"loc":{"start":{"line":4,"column":39},"end":{"line":18,"column":1}},"line":4},"1":{"name":"(anonymous_1)","decl":{"start":{"line":21,"column":19},"end":{"line":21,"column":20}},"loc":{"start":{"line":21,"column":39},"end":{"line":49,"column":1}},"line":21},"2":{"name":"(anonymous_2)","decl":{"start":{"line":51,"column":21},"end":{"line":51,"column":22}},"loc":{"start":{"line":51,"column":41},"end":{"line":65,"column":1}},"line":51},"3":{"name":"(anonymous_3)","decl":{"start":{"line":69,"column":27},"end":{"line":69,"column":28}},"loc":{"start":{"line":69,"column":47},"end":{"line":108,"column":1}},"line":69},"4":{"name":"(anonymous_4)","decl":{"start":{"line":93,"column":52},"end":{"line":93,"column":53}},"loc":{"start":{"line":93,"column":71},"end":{"line":93,"column":94}},"line":93},"5":{"name":"(anonymous_5)","decl":{"start":{"line":94,"column":51},"end":{"line":94,"column":52}},"loc":{"start":{"line":94,"column":70},"end":{"line":94,"column":92}},"line":94},"6":{"name":"(anonymous_6)","decl":{"start":{"line":95,"column":49},"end":{"line":95,"column":50}},"loc":{"start":{"line":95,"column":68},"end":{"line":95,"column":88}},"line":95},"7":{"name":"(anonymous_7)","decl":{"start":{"line":96,"column":47},"end":{"line":96,"column":48}},"loc":{"start":{"line":96,"column":66},"end":{"line":96,"column":84}},"line":96},"8":{"name":"(anonymous_8)","decl":{"start":{"line":110,"column":24},"end":{"line":110,"column":25}},"loc":{"start":{"line":110,"column":44},"end":{"line":144,"column":1}},"line":110}},"branchMap":{"0":{"loc":{"start":{"line":25,"column":4},"end":{"line":27,"column":5}},"type":"if","locations":[{"start":{"line":25,"column":4},"end":{"line":27,"column":5}},{"start":{},"end":{}}],"line":25},"1":{"loc":{"start":{"line":39,"column":8},"end":{"line":41,"column":9}},"type":"if","locations":[{"start":{"line":39,"column":8},"end":{"line":41,"column":9}},{"start":{},"end":{}}],"line":39},"2":{"loc":{"start":{"line":57,"column":8},"end":{"line":59,"column":9}},"type":"if","locations":[{"start":{"line":57,"column":8},"end":{"line":59,"column":9}},{"start":{},"end":{}}],"line":57},"3":{"loc":{"start":{"line":72,"column":4},"end":{"line":74,"column":5}},"type":"if","locations":[{"start":{"line":72,"column":4},"end":{"line":74,"column":5}},{"start":{},"end":{}}],"line":72},"4":{"loc":{"start":{"line":85,"column":8},"end":{"line":87,"column":9}},"type":"if","locations":[{"start":{"line":85,"column":8},"end":{"line":87,"column":9}},{"start":{},"end":{}}],"line":85}},"s":{"0":2,"1":2,"2":2,"3":2,"4":2,"5":1,"6":1,"7":1,"8":2,"9":4,"10":4,"11":4,"12":1,"13":3,"14":3,"15":3,"16":3,"17":3,"18":2,"19":1,"20":1,"21":1,"22":2,"23":3,"24":3,"25":3,"26":3,"27":2,"28":1,"29":1,"30":1,"31":2,"32":4,"33":4,"34":4,"35":1,"36":3,"37":3,"38":3,"39":3,"40":2,"41":1,"42":1,"43":2,"44":1,"45":2,"46":1,"47":2,"48":1,"49":2,"50":1,"51":1,"52":2,"53":2,"54":2,"55":2,"56":2,"57":2,"58":2,"59":1,"60":1,"61":2},"f":{"0":2,"1":4,"2":3,"3":4,"4":2,"5":2,"6":2,"7":2,"8":2},"b":{"0":[1,3],"1":[1,1],"2":[1,1],"3":[1,3],"4":[1,1]},"_coverageSchema":"1a1c01bbd47fc00a2c39e90264f33305004495a9","hash":"1a8a533fc34ebf9817e0809b6e024c8803af9683"}
,"C:\\Users\\ivyng\\Documents\\uoft-semesters\\w25\\cscc01\\project\\term-group-project-c01w25-project-devour-devs\\server\\controllers\\mealController.js": {"path":"C:\\Users\\ivyng\\Documents\\uoft-semesters\\w25\\cscc01\\project\\term-group-project-c01w25-project-devour-devs\\server\\controllers\\mealController.js","statementMap":{"0":{"start":{"line":7,"column":0},"end":{"line":7,"column":15}},"1":{"start":{"line":9,"column":19},"end":{"line":9,"column":50}},"2":{"start":{"line":11,"column":17},"end":{"line":35,"column":1}},"3":{"start":{"line":12,"column":26},"end":{"line":12,"column":43}},"4":{"start":{"line":13,"column":4},"end":{"line":15,"column":5}},"5":{"start":{"line":14,"column":8},"end":{"line":14,"column":101}},"6":{"start":{"line":14,"column":74},"end":{"line":14,"column":85}},"7":{"start":{"line":17,"column":4},"end":{"line":34,"column":5}},"8":{"start":{"line":18,"column":25},"end":{"line":20,"column":10}},"9":{"start":{"line":22,"column":8},"end":{"line":31,"column":9}},"10":{"start":{"line":23,"column":12},"end":{"line":26,"column":16}},"11":{"start":{"line":23,"column":71},"end":{"line":26,"column":13}},"12":{"start":{"line":28,"column":12},"end":{"line":28,"column":64}},"13":{"start":{"line":30,"column":12},"end":{"line":30,"column":64}},"14":{"start":{"line":33,"column":8},"end":{"line":33,"column":64}},"15":{"start":{"line":37,"column":23},"end":{"line":68,"column":1}},"16":{"start":{"line":38,"column":19},"end":{"line":38,"column":28}},"17":{"start":{"line":40,"column":4},"end":{"line":42,"column":5}},"18":{"start":{"line":41,"column":8},"end":{"line":41,"column":65}},"19":{"start":{"line":44,"column":25},"end":{"line":44,"column":49}},"20":{"start":{"line":45,"column":4},"end":{"line":47,"column":5}},"21":{"start":{"line":46,"column":8},"end":{"line":46,"column":62}},"22":{"start":{"line":49,"column":4},"end":{"line":67,"column":5}},"23":{"start":{"line":50,"column":25},"end":{"line":52,"column":10}},"24":{"start":{"line":53,"column":8},"end":{"line":64,"column":9}},"25":{"start":{"line":54,"column":28},"end":{"line":57,"column":14}},"26":{"start":{"line":59,"column":12},"end":{"line":59,"column":33}},"27":{"start":{"line":61,"column":12},"end":{"line":61,"column":55}},"28":{"start":{"line":63,"column":12},"end":{"line":63,"column":95}},"29":{"start":{"line":66,"column":8},"end":{"line":66,"column":64}},"30":{"start":{"line":70,"column":28},"end":{"line":90,"column":1}},"31":{"start":{"line":71,"column":31},"end":{"line":71,"column":39}},"32":{"start":{"line":72,"column":4},"end":{"line":74,"column":5}},"33":{"start":{"line":73,"column":8},"end":{"line":73,"column":76}},"34":{"start":{"line":76,"column":4},"end":{"line":89,"column":5}},"35":{"start":{"line":78,"column":34},"end":{"line":78,"column":77}},"36":{"start":{"line":79,"column":8},"end":{"line":81,"column":9}},"37":{"start":{"line":80,"column":12},"end":{"line":80,"column":80}},"38":{"start":{"line":83,"column":26},"end":{"line":83,"column":59}},"39":{"start":{"line":84,"column":8},"end":{"line":84,"column":31}},"40":{"start":{"line":85,"column":8},"end":{"line":85,"column":70}},"41":{"start":{"line":87,"column":8},"end":{"line":87,"column":56}},"42":{"start":{"line":88,"column":8},"end":{"line":88,"column":67}},"43":{"start":{"line":92,"column":27},"end":{"line":112,"column":1}},"44":{"start":{"line":94,"column":21},"end":{"line":94,"column":30}},"45":{"start":{"line":96,"column":4},"end":{"line":98,"column":5}},"46":{"start":{"line":97,"column":8},"end":{"line":97,"column":66}},"47":{"start":{"line":100,"column":4},"end":{"line":111,"column":5}},"48":{"start":{"line":102,"column":27},"end":{"line":102,"column":59}},"49":{"start":{"line":103,"column":24},"end":{"line":103,"column":57}},"50":{"start":{"line":103,"column":46},"end":{"line":103,"column":56}},"51":{"start":{"line":106,"column":22},"end":{"line":106,"column":63}},"52":{"start":{"line":107,"column":8},"end":{"line":107,"column":70}},"53":{"start":{"line":107,"column":56},"end":{"line":107,"column":65}},"54":{"start":{"line":109,"column":8},"end":{"line":109,"column":64}},"55":{"start":{"line":110,"column":8},"end":{"line":110,"column":67}},"56":{"start":{"line":114,"column":33},"end":{"line":130,"column":1}},"57":{"start":{"line":115,"column":31},"end":{"line":115,"column":39}},"58":{"start":{"line":116,"column":4},"end":{"line":118,"column":5}},"59":{"start":{"line":117,"column":8},"end":{"line":117,"column":76}},"60":{"start":{"line":119,"column":4},"end":{"line":129,"column":5}},"61":{"start":{"line":120,"column":27},"end":{"line":120,"column":79}},"62":{"start":{"line":121,"column":8},"end":{"line":125,"column":9}},"63":{"start":{"line":122,"column":12},"end":{"line":122,"column":80}},"64":{"start":{"line":124,"column":12},"end":{"line":124,"column":69}},"65":{"start":{"line":127,"column":8},"end":{"line":127,"column":58}},"66":{"start":{"line":128,"column":8},"end":{"line":128,"column":67}},"67":{"start":{"line":132,"column":17},"end":{"line":152,"column":1}},"68":{"start":{"line":133,"column":36},"end":{"line":133,"column":44}},"69":{"start":{"line":134,"column":4},"end":{"line":136,"column":5}},"70":{"start":{"line":135,"column":8},"end":{"line":135,"column":89}},"71":{"start":{"line":138,"column":4},"end":{"line":151,"column":5}},"72":{"start":{"line":140,"column":30},"end":{"line":144,"column":9}},"73":{"start":{"line":146,"column":8},"end":{"line":146,"column":73}},"74":{"start":{"line":149,"column":8},"end":{"line":149,"column":55}},"75":{"start":{"line":150,"column":8},"end":{"line":150,"column":67}},"76":{"start":{"line":154,"column":20},"end":{"line":181,"column":1}},"77":{"start":{"line":155,"column":21},"end":{"line":155,"column":30}},"78":{"start":{"line":156,"column":4},"end":{"line":158,"column":5}},"79":{"start":{"line":157,"column":8},"end":{"line":157,"column":65}},"80":{"start":{"line":161,"column":4},"end":{"line":180,"column":5}},"81":{"start":{"line":162,"column":25},"end":{"line":162,"column":68}},"82":{"start":{"line":163,"column":6},"end":{"line":165,"column":7}},"83":{"start":{"line":164,"column":8},"end":{"line":164,"column":67}},"84":{"start":{"line":166,"column":22},"end":{"line":166,"column":23}},"85":{"start":{"line":167,"column":21},"end":{"line":167,"column":22}},"86":{"start":{"line":168,"column":6},"end":{"line":171,"column":7}},"87":{"start":{"line":169,"column":8},"end":{"line":169,"column":36}},"88":{"start":{"line":170,"column":8},"end":{"line":170,"column":19}},"89":{"start":{"line":172,"column":6},"end":{"line":174,"column":7}},"90":{"start":{"line":173,"column":8},"end":{"line":173,"column":67}},"91":{"start":{"line":175,"column":24},"end":{"line":175,"column":54}},"92":{"start":{"line":176,"column":6},"end":{"line":176,"column":80}},"93":{"start":{"line":178,"column":6},"end":{"line":178,"column":54}},"94":{"start":{"line":179,"column":6},"end":{"line":179,"column":65}},"95":{"start":{"line":183,"column":22},"end":{"line":200,"column":1}},"96":{"start":{"line":184,"column":29},"end":{"line":184,"column":38}},"97":{"start":{"line":185,"column":4},"end":{"line":187,"column":5}},"98":{"start":{"line":186,"column":8},"end":{"line":186,"column":65}},"99":{"start":{"line":189,"column":4},"end":{"line":198,"column":5}},"100":{"start":{"line":190,"column":27},"end":{"line":190,"column":70}},"101":{"start":{"line":191,"column":8},"end":{"line":193,"column":9}},"102":{"start":{"line":192,"column":12},"end":{"line":192,"column":53}},"103":{"start":{"line":194,"column":8},"end":{"line":194,"column":78}},"104":{"start":{"line":196,"column":8},"end":{"line":196,"column":56}},"105":{"start":{"line":197,"column":8},"end":{"line":197,"column":67}},"106":{"start":{"line":202,"column":19},"end":{"line":221,"column":1}},"107":{"start":{"line":203,"column":4},"end":{"line":220,"column":5}},"108":{"start":{"line":204,"column":26},"end":{"line":204,"column":35}},"109":{"start":{"line":205,"column":8},"end":{"line":207,"column":9}},"110":{"start":{"line":206,"column":12},"end":{"line":206,"column":77}},"111":{"start":{"line":209,"column":22},"end":{"line":215,"column":10}},"112":{"start":{"line":217,"column":8},"end":{"line":217,"column":74}},"113":{"start":{"line":217,"column":62},"end":{"line":217,"column":71}},"114":{"start":{"line":219,"column":8},"end":{"line":219,"column":64}},"115":{"start":{"line":223,"column":36},"end":{"line":258,"column":1}},"116":{"start":{"line":224,"column":4},"end":{"line":257,"column":5}},"117":{"start":{"line":225,"column":30},"end":{"line":225,"column":38}},"118":{"start":{"line":226,"column":8},"end":{"line":228,"column":9}},"119":{"start":{"line":227,"column":12},"end":{"line":227,"column":84}},"120":{"start":{"line":231,"column":38},"end":{"line":231,"column":93}},"121":{"start":{"line":231,"column":68},"end":{"line":231,"column":92}},"122":{"start":{"line":234,"column":22},"end":{"line":236,"column":10}},"123":{"start":{"line":235,"column":84},"end":{"line":235,"column":104}},"124":{"start":{"line":239,"column":28},"end":{"line":249,"column":10}},"125":{"start":{"line":240,"column":36},"end":{"line":240,"column":121}},"126":{"start":{"line":240,"column":96},"end":{"line":240,"column":118}},"127":{"start":{"line":241,"column":39},"end":{"line":241,"column":155}},"128":{"start":{"line":241,"column":79},"end":{"line":241,"column":154}},"129":{"start":{"line":241,"column":107},"end":{"line":241,"column":153}},"130":{"start":{"line":242,"column":38},"end":{"line":242,"column":155}},"131":{"start":{"line":242,"column":78},"end":{"line":242,"column":154}},"132":{"start":{"line":242,"column":107},"end":{"line":242,"column":153}},"133":{"start":{"line":243,"column":12},"end":{"line":248,"column":13}},"134":{"start":{"line":252,"column":8},"end":{"line":252,"column":64}},"135":{"start":{"line":252,"column":35},"end":{"line":252,"column":62}},"136":{"start":{"line":253,"column":25},"end":{"line":253,"column":48}},"137":{"start":{"line":254,"column":8},"end":{"line":254,"column":47}},"138":{"start":{"line":256,"column":8},"end":{"line":256,"column":71}},"139":{"start":{"line":260,"column":23},"end":{"line":271,"column":1}}},"fnMap":{"0":{"name":"(anonymous_0)","decl":{"start":{"line":11,"column":17},"end":{"line":11,"column":18}},"loc":{"start":{"line":11,"column":37},"end":{"line":35,"column":1}},"line":11},"1":{"name":"(anonymous_1)","decl":{"start":{"line":14,"column":62},"end":{"line":14,"column":63}},"loc":{"start":{"line":14,"column":74},"end":{"line":14,"column":85}},"line":14},"2":{"name":"(anonymous_2)","decl":{"start":{"line":23,"column":60},"end":{"line":23,"column":61}},"loc":{"start":{"line":23,"column":71},"end":{"line":26,"column":13}},"line":23},"3":{"name":"(anonymous_3)","decl":{"start":{"line":37,"column":23},"end":{"line":37,"column":24}},"loc":{"start":{"line":37,"column":42},"end":{"line":68,"column":1}},"line":37},"4":{"name":"(anonymous_4)","decl":{"start":{"line":70,"column":28},"end":{"line":70,"column":29}},"loc":{"start":{"line":70,"column":48},"end":{"line":90,"column":1}},"line":70},"5":{"name":"(anonymous_5)","decl":{"start":{"line":92,"column":27},"end":{"line":92,"column":28}},"loc":{"start":{"line":92,"column":47},"end":{"line":112,"column":1}},"line":92},"6":{"name":"(anonymous_6)","decl":{"start":{"line":103,"column":39},"end":{"line":103,"column":40}},"loc":{"start":{"line":103,"column":46},"end":{"line":103,"column":56}},"line":103},"7":{"name":"(anonymous_7)","decl":{"start":{"line":107,"column":48},"end":{"line":107,"column":49}},"loc":{"start":{"line":107,"column":56},"end":{"line":107,"column":65}},"line":107},"8":{"name":"(anonymous_8)","decl":{"start":{"line":114,"column":33},"end":{"line":114,"column":34}},"loc":{"start":{"line":114,"column":53},"end":{"line":130,"column":1}},"line":114},"9":{"name":"(anonymous_9)","decl":{"start":{"line":132,"column":17},"end":{"line":132,"column":18}},"loc":{"start":{"line":132,"column":37},"end":{"line":152,"column":1}},"line":132},"10":{"name":"(anonymous_10)","decl":{"start":{"line":154,"column":20},"end":{"line":154,"column":21}},"loc":{"start":{"line":154,"column":40},"end":{"line":181,"column":1}},"line":154},"11":{"name":"(anonymous_11)","decl":{"start":{"line":183,"column":22},"end":{"line":183,"column":23}},"loc":{"start":{"line":183,"column":42},"end":{"line":200,"column":1}},"line":183},"12":{"name":"(anonymous_12)","decl":{"start":{"line":202,"column":19},"end":{"line":202,"column":20}},"loc":{"start":{"line":202,"column":39},"end":{"line":221,"column":1}},"line":202},"13":{"name":"(anonymous_13)","decl":{"start":{"line":217,"column":54},"end":{"line":217,"column":55}},"loc":{"start":{"line":217,"column":62},"end":{"line":217,"column":71}},"line":217},"14":{"name":"(anonymous_14)","decl":{"start":{"line":223,"column":36},"end":{"line":223,"column":37}},"loc":{"start":{"line":223,"column":55},"end":{"line":258,"column":1}},"line":223},"15":{"name":"(anonymous_15)","decl":{"start":{"line":231,"column":54},"end":{"line":231,"column":55}},"loc":{"start":{"line":231,"column":68},"end":{"line":231,"column":92}},"line":231},"16":{"name":"(anonymous_16)","decl":{"start":{"line":235,"column":77},"end":{"line":235,"column":78}},"loc":{"start":{"line":235,"column":84},"end":{"line":235,"column":104}},"line":235},"17":{"name":"(anonymous_17)","decl":{"start":{"line":239,"column":38},"end":{"line":239,"column":39}},"loc":{"start":{"line":239,"column":46},"end":{"line":249,"column":9}},"line":239},"18":{"name":"(anonymous_18)","decl":{"start":{"line":240,"column":89},"end":{"line":240,"column":90}},"loc":{"start":{"line":240,"column":96},"end":{"line":240,"column":118}},"line":240},"19":{"name":"(anonymous_19)","decl":{"start":{"line":241,"column":68},"end":{"line":241,"column":69}},"loc":{"start":{"line":241,"column":79},"end":{"line":241,"column":154}},"line":241},"20":{"name":"(anonymous_20)","decl":{"start":{"line":241,"column":100},"end":{"line":241,"column":101}},"loc":{"start":{"line":241,"column":107},"end":{"line":241,"column":153}},"line":241},"21":{"name":"(anonymous_21)","decl":{"start":{"line":242,"column":67},"end":{"line":242,"column":68}},"loc":{"start":{"line":242,"column":78},"end":{"line":242,"column":154}},"line":242},"22":{"name":"(anonymous_22)","decl":{"start":{"line":242,"column":100},"end":{"line":242,"column":101}},"loc":{"start":{"line":242,"column":107},"end":{"line":242,"column":153}},"line":242},"23":{"name":"(anonymous_23)","decl":{"start":{"line":252,"column":25},"end":{"line":252,"column":26}},"loc":{"start":{"line":252,"column":35},"end":{"line":252,"column":62}},"line":252}},"branchMap":{"0":{"loc":{"start":{"line":13,"column":4},"end":{"line":15,"column":5}},"type":"if","locations":[{"start":{"line":13,"column":4},"end":{"line":15,"column":5}},{"start":{},"end":{}}],"line":13},"1":{"loc":{"start":{"line":22,"column":8},"end":{"line":31,"column":9}},"type":"if","locations":[{"start":{"line":22,"column":8},"end":{"line":31,"column":9}},{"start":{"line":29,"column":15},"end":{"line":31,"column":9}}],"line":22},"2":{"loc":{"start":{"line":40,"column":4},"end":{"line":42,"column":5}},"type":"if","locations":[{"start":{"line":40,"column":4},"end":{"line":42,"column":5}},{"start":{},"end":{}}],"line":40},"3":{"loc":{"start":{"line":45,"column":4},"end":{"line":47,"column":5}},"type":"if","locations":[{"start":{"line":45,"column":4},"end":{"line":47,"column":5}},{"start":{},"end":{}}],"line":45},"4":{"loc":{"start":{"line":53,"column":8},"end":{"line":64,"column":9}},"type":"if","locations":[{"start":{"line":53,"column":8},"end":{"line":64,"column":9}},{"start":{"line":62,"column":15},"end":{"line":64,"column":9}}],"line":53},"5":{"loc":{"start":{"line":72,"column":4},"end":{"line":74,"column":5}},"type":"if","locations":[{"start":{"line":72,"column":4},"end":{"line":74,"column":5}},{"start":{},"end":{}}],"line":72},"6":{"loc":{"start":{"line":72,"column":8},"end":{"line":72,"column":26}},"type":"binary-expr","locations":[{"start":{"line":72,"column":8},"end":{"line":72,"column":15}},{"start":{"line":72,"column":19},"end":{"line":72,"column":26}}],"line":72},"7":{"loc":{"start":{"line":79,"column":8},"end":{"line":81,"column":9}},"type":"if","locations":[{"start":{"line":79,"column":8},"end":{"line":81,"column":9}},{"start":{},"end":{}}],"line":79},"8":{"loc":{"start":{"line":96,"column":4},"end":{"line":98,"column":5}},"type":"if","locations":[{"start":{"line":96,"column":4},"end":{"line":98,"column":5}},{"start":{},"end":{}}],"line":96},"9":{"loc":{"start":{"line":116,"column":4},"end":{"line":118,"column":5}},"type":"if","locations":[{"start":{"line":116,"column":4},"end":{"line":118,"column":5}},{"start":{},"end":{}}],"line":116},"10":{"loc":{"start":{"line":116,"column":8},"end":{"line":116,"column":26}},"type":"binary-expr","locations":[{"start":{"line":116,"column":8},"end":{"line":116,"column":15}},{"start":{"line":116,"column":19},"end":{"line":116,"column":26}}],"line":116},"11":{"loc":{"start":{"line":121,"column":8},"end":{"line":125,"column":9}},"type":"if","locations":[{"start":{"line":121,"column":8},"end":{"line":125,"column":9}},{"start":{"line":123,"column":15},"end":{"line":125,"column":9}}],"line":121},"12":{"loc":{"start":{"line":134,"column":4},"end":{"line":136,"column":5}},"type":"if","locations":[{"start":{"line":134,"column":4},"end":{"line":136,"column":5}},{"start":{},"end":{}}],"line":134},"13":{"loc":{"start":{"line":134,"column":8},"end":{"line":134,"column":36}},"type":"binary-expr","locations":[{"start":{"line":134,"column":8},"end":{"line":134,"column":15}},{"start":{"line":134,"column":19},"end":{"line":134,"column":26}},{"start":{"line":134,"column":30},"end":{"line":134,"column":36}}],"line":134},"14":{"loc":{"start":{"line":156,"column":4},"end":{"line":158,"column":5}},"type":"if","locations":[{"start":{"line":156,"column":4},"end":{"line":158,"column":5}},{"start":{},"end":{}}],"line":156},"15":{"loc":{"start":{"line":163,"column":6},"end":{"line":165,"column":7}},"type":"if","locations":[{"start":{"line":163,"column":6},"end":{"line":165,"column":7}},{"start":{},"end":{}}],"line":163},"16":{"loc":{"start":{"line":163,"column":10},"end":{"line":163,"column":48}},"type":"binary-expr","locations":[{"start":{"line":163,"column":10},"end":{"line":163,"column":21}},{"start":{"line":163,"column":25},"end":{"line":163,"column":48}}],"line":163},"17":{"loc":{"start":{"line":172,"column":6},"end":{"line":174,"column":7}},"type":"if","locations":[{"start":{"line":172,"column":6},"end":{"line":174,"column":7}},{"start":{},"end":{}}],"line":172},"18":{"loc":{"start":{"line":185,"column":4},"end":{"line":187,"column":5}},"type":"if","locations":[{"start":{"line":185,"column":4},"end":{"line":187,"column":5}},{"start":{},"end":{}}],"line":185},"19":{"loc":{"start":{"line":191,"column":8},"end":{"line":193,"column":9}},"type":"if","locations":[{"start":{"line":191,"column":8},"end":{"line":193,"column":9}},{"start":{},"end":{}}],"line":191},"20":{"loc":{"start":{"line":191,"column":12},"end":{"line":191,"column":50}},"type":"binary-expr","locations":[{"start":{"line":191,"column":12},"end":{"line":191,"column":23}},{"start":{"line":191,"column":27},"end":{"line":191,"column":50}}],"line":191},"21":{"loc":{"start":{"line":205,"column":8},"end":{"line":207,"column":9}},"type":"if","locations":[{"start":{"line":205,"column":8},"end":{"line":207,"column":9}},{"start":{},"end":{}}],"line":205},"22":{"loc":{"start":{"line":226,"column":8},"end":{"line":228,"column":9}},"type":"if","locations":[{"start":{"line":226,"column":8},"end":{"line":228,"column":9}},{"start":{},"end":{}}],"line":226},"23":{"loc":{"start":{"line":226,"column":11},"end":{"line":226,"column":51}},"type":"binary-expr","locations":[{"start":{"line":226,"column":11},"end":{"line":226,"column":23}},{"start":{"line":226,"column":27},"end":{"line":226,"column":51}}],"line":226},"24":{"loc":{"start":{"line":241,"column":107},"end":{"line":241,"column":153}},"type":"binary-expr","locations":[{"start":{"line":241,"column":107},"end":{"line":241,"column":128}},{"start":{"line":241,"column":132},"end":{"line":241,"column":153}}],"line":241},"25":{"loc":{"start":{"line":242,"column":107},"end":{"line":242,"column":153}},"type":"binary-expr","locations":[{"start":{"line":242,"column":107},"end":{"line":242,"column":128}},{"start":{"line":242,"column":132},"end":{"line":242,"column":153}}],"line":242}},"s":{"0":2,"1":2,"2":2,"3":5,"4":5,"5":2,"6":101,"7":3,"8":3,"9":2,"10":1,"11":2,"12":1,"13":1,"14":1,"15":2,"16":5,"17":5,"18":1,"19":4,"20":4,"21":1,"22":3,"23":3,"24":2,"25":1,"26":1,"27":1,"28":1,"29":1,"30":2,"31":6,"32":6,"33":3,"34":3,"35":3,"36":2,"37":1,"38":1,"39":1,"40":1,"41":1,"42":1,"43":2,"44":3,"45":3,"46":1,"47":2,"48":2,"49":1,"50":2,"51":1,"52":1,"53":2,"54":1,"55":1,"56":2,"57":6,"58":6,"59":3,"60":3,"61":3,"62":2,"63":1,"64":1,"65":1,"66":1,"67":2,"68":6,"69":6,"70":4,"71":2,"72":2,"73":1,"74":1,"75":1,"76":2,"77":5,"78":5,"79":1,"80":4,"81":4,"82":3,"83":1,"84":2,"85":2,"86":2,"87":3,"88":3,"89":2,"90":1,"91":1,"92":1,"93":1,"94":1,"95":2,"96":5,"97":5,"98":1,"99":4,"100":4,"101":3,"102":2,"103":1,"104":1,"105":1,"106":2,"107":3,"108":3,"109":3,"110":1,"111":2,"112":1,"113":2,"114":1,"115":2,"116":4,"117":4,"118":4,"119":2,"120":2,"121":4,"122":2,"123":4,"124":1,"125":3,"126":4,"127":3,"128":6,"129":7,"130":3,"131":6,"132":7,"133":3,"134":1,"135":2,"136":1,"137":1,"138":1,"139":2},"f":{"0":5,"1":101,"2":2,"3":5,"4":6,"5":3,"6":2,"7":2,"8":6,"9":6,"10":5,"11":5,"12":3,"13":2,"14":4,"15":4,"16":4,"17":3,"18":4,"19":6,"20":7,"21":6,"22":7,"23":2},"b":{"0":[2,3],"1":[1,1],"2":[1,4],"3":[1,3],"4":[1,1],"5":[3,3],"6":[6,4],"7":[1,1],"8":[1,2],"9":[3,3],"10":[6,4],"11":[1,1],"12":[4,2],"13":[6,4,3],"14":[1,4],"15":[1,2],"16":[3,2],"17":[1,1],"18":[1,4],"19":[2,1],"20":[3,2],"21":[1,2],"22":[2,2],"23":[4,3],"24":[7,3],"25":[7,3]},"_coverageSchema":"1a1c01bbd47fc00a2c39e90264f33305004495a9","hash":"2281500a7e16cfc96027afa6c8aa56fd8f672537"}
,"C:\\Users\\ivyng\\Documents\\uoft-semesters\\w25\\cscc01\\project\\term-group-project-c01w25-project-devour-devs\\server\\controllers\\plannerController.js": {"path":"C:\\Users\\ivyng\\Documents\\uoft-semesters\\w25\\cscc01\\project\\term-group-project-c01w25-project-devour-devs\\server\\controllers\\plannerController.js","statementMap":{"0":{"start":{"line":7,"column":0},"end":{"line":7,"column":15}},"1":{"start":{"line":9,"column":19},"end":{"line":9,"column":50}},"2":{"start":{"line":11,"column":19},"end":{"line":38,"column":1}},"3":{"start":{"line":13,"column":26},"end":{"line":13,"column":43}},"4":{"start":{"line":14,"column":4},"end":{"line":16,"column":5}},"5":{"start":{"line":15,"column":8},"end":{"line":15,"column":104}},"6":{"start":{"line":15,"column":75},"end":{"line":15,"column":86}},"7":{"start":{"line":18,"column":4},"end":{"line":37,"column":5}},"8":{"start":{"line":19,"column":25},"end":{"line":21,"column":10}},"9":{"start":{"line":25,"column":8},"end":{"line":34,"column":9}},"10":{"start":{"line":26,"column":12},"end":{"line":29,"column":16}},"11":{"start":{"line":26,"column":73},"end":{"line":29,"column":13}},"12":{"start":{"line":31,"column":12},"end":{"line":31,"column":66}},"13":{"start":{"line":33,"column":12},"end":{"line":33,"column":66}},"14":{"start":{"line":36,"column":8},"end":{"line":36,"column":66}},"15":{"start":{"line":43,"column":20},"end":{"line":65,"column":1}},"16":{"start":{"line":44,"column":4},"end":{"line":64,"column":5}},"17":{"start":{"line":45,"column":25},"end":{"line":45,"column":34}},"18":{"start":{"line":46,"column":23},"end":{"line":46,"column":38}},"19":{"start":{"line":48,"column":8},"end":{"line":50,"column":9}},"20":{"start":{"line":49,"column":12},"end":{"line":49,"column":71}},"21":{"start":{"line":53,"column":24},"end":{"line":53,"column":63}},"22":{"start":{"line":55,"column":8},"end":{"line":57,"column":9}},"23":{"start":{"line":56,"column":12},"end":{"line":56,"column":76}},"24":{"start":{"line":59,"column":8},"end":{"line":59,"column":42}},"25":{"start":{"line":62,"column":8},"end":{"line":62,"column":58}},"26":{"start":{"line":63,"column":8},"end":{"line":63,"column":89}},"27":{"start":{"line":69,"column":23},"end":{"line":91,"column":1}},"28":{"start":{"line":70,"column":4},"end":{"line":90,"column":5}},"29":{"start":{"line":71,"column":23},"end":{"line":71,"column":38}},"30":{"start":{"line":72,"column":51},"end":{"line":72,"column":59}},"31":{"start":{"line":74,"column":8},"end":{"line":76,"column":9}},"32":{"start":{"line":75,"column":12},"end":{"line":75,"column":75}},"33":{"start":{"line":78,"column":27},"end":{"line":82,"column":10}},"34":{"start":{"line":84,"column":8},"end":{"line":84,"column":32}},"35":{"start":{"line":85,"column":8},"end":{"line":85,"column":100}},"36":{"start":{"line":88,"column":8},"end":{"line":88,"column":58}},"37":{"start":{"line":89,"column":8},"end":{"line":89,"column":74}},"38":{"start":{"line":94,"column":23},"end":{"line":112,"column":1}},"39":{"start":{"line":95,"column":4},"end":{"line":111,"column":5}},"40":{"start":{"line":96,"column":30},"end":{"line":96,"column":40}},"41":{"start":{"line":97,"column":45},"end":{"line":97,"column":53}},"42":{"start":{"line":98,"column":23},"end":{"line":98,"column":38}},"43":{"start":{"line":100,"column":24},"end":{"line":100,"column":57}},"44":{"start":{"line":101,"column":8},"end":{"line":103,"column":9}},"45":{"start":{"line":102,"column":12},"end":{"line":102,"column":94}},"46":{"start":{"line":105,"column":8},"end":{"line":105,"column":53}},"47":{"start":{"line":106,"column":8},"end":{"line":106,"column":29}},"48":{"start":{"line":108,"column":8},"end":{"line":108,"column":85}},"49":{"start":{"line":110,"column":8},"end":{"line":110,"column":74}},"50":{"start":{"line":115,"column":23},"end":{"line":140,"column":1}},"51":{"start":{"line":116,"column":4},"end":{"line":139,"column":5}},"52":{"start":{"line":117,"column":30},"end":{"line":117,"column":40}},"53":{"start":{"line":118,"column":23},"end":{"line":118,"column":38}},"54":{"start":{"line":121,"column":24},"end":{"line":121,"column":57}},"55":{"start":{"line":122,"column":8},"end":{"line":124,"column":9}},"56":{"start":{"line":123,"column":12},"end":{"line":123,"column":76}},"57":{"start":{"line":127,"column":8},"end":{"line":129,"column":9}},"58":{"start":{"line":128,"column":12},"end":{"line":128,"column":94}},"59":{"start":{"line":132,"column":8},"end":{"line":132,"column":51}},"60":{"start":{"line":134,"column":8},"end":{"line":134,"column":76}},"61":{"start":{"line":137,"column":8},"end":{"line":137,"column":58}},"62":{"start":{"line":138,"column":8},"end":{"line":138,"column":74}},"63":{"start":{"line":142,"column":26},"end":{"line":148,"column":1}}},"fnMap":{"0":{"name":"(anonymous_0)","decl":{"start":{"line":11,"column":19},"end":{"line":11,"column":20}},"loc":{"start":{"line":11,"column":39},"end":{"line":38,"column":1}},"line":11},"1":{"name":"(anonymous_1)","decl":{"start":{"line":15,"column":63},"end":{"line":15,"column":64}},"loc":{"start":{"line":15,"column":75},"end":{"line":15,"column":86}},"line":15},"2":{"name":"(anonymous_2)","decl":{"start":{"line":26,"column":60},"end":{"line":26,"column":61}},"loc":{"start":{"line":26,"column":73},"end":{"line":29,"column":13}},"line":26},"3":{"name":"(anonymous_3)","decl":{"start":{"line":43,"column":20},"end":{"line":43,"column":21}},"loc":{"start":{"line":43,"column":40},"end":{"line":65,"column":1}},"line":43},"4":{"name":"(anonymous_4)","decl":{"start":{"line":69,"column":23},"end":{"line":69,"column":24}},"loc":{"start":{"line":69,"column":43},"end":{"line":91,"column":1}},"line":69},"5":{"name":"(anonymous_5)","decl":{"start":{"line":94,"column":23},"end":{"line":94,"column":24}},"loc":{"start":{"line":94,"column":43},"end":{"line":112,"column":1}},"line":94},"6":{"name":"(anonymous_6)","decl":{"start":{"line":115,"column":23},"end":{"line":115,"column":24}},"loc":{"start":{"line":115,"column":43},"end":{"line":140,"column":1}},"line":115}},"branchMap":{"0":{"loc":{"start":{"line":14,"column":4},"end":{"line":16,"column":5}},"type":"if","locations":[{"start":{"line":14,"column":4},"end":{"line":16,"column":5}},{"start":{},"end":{}}],"line":14},"1":{"loc":{"start":{"line":25,"column":8},"end":{"line":34,"column":9}},"type":"if","locations":[{"start":{"line":25,"column":8},"end":{"line":34,"column":9}},{"start":{"line":32,"column":15},"end":{"line":34,"column":9}}],"line":25},"2":{"loc":{"start":{"line":48,"column":8},"end":{"line":50,"column":9}},"type":"if","locations":[{"start":{"line":48,"column":8},"end":{"line":50,"column":9}},{"start":{},"end":{}}],"line":48},"3":{"loc":{"start":{"line":55,"column":8},"end":{"line":57,"column":9}},"type":"if","locations":[{"start":{"line":55,"column":8},"end":{"line":57,"column":9}},{"start":{},"end":{}}],"line":55},"4":{"loc":{"start":{"line":74,"column":8},"end":{"line":76,"column":9}},"type":"if","locations":[{"start":{"line":74,"column":8},"end":{"line":76,"column":9}},{"start":{},"end":{}}],"line":74},"5":{"loc":{"start":{"line":74,"column":12},"end":{"line":74,"column":43}},"type":"binary-expr","locations":[{"start":{"line":74,"column":12},"end":{"line":74,"column":22}},{"start":{"line":74,"column":26},"end":{"line":74,"column":32}},{"start":{"line":74,"column":36},"end":{"line":74,"column":43}}],"line":74},"6":{"loc":{"start":{"line":101,"column":8},"end":{"line":103,"column":9}},"type":"if","locations":[{"start":{"line":101,"column":8},"end":{"line":103,"column":9}},{"start":{},"end":{}}],"line":101},"7":{"loc":{"start":{"line":101,"column":12},"end":{"line":101,"column":60}},"type":"binary-expr","locations":[{"start":{"line":101,"column":12},"end":{"line":101,"column":20}},{"start":{"line":101,"column":24},"end":{"line":101,"column":60}}],"line":101},"8":{"loc":{"start":{"line":122,"column":8},"end":{"line":124,"column":9}},"type":"if","locations":[{"start":{"line":122,"column":8},"end":{"line":124,"column":9}},{"start":{},"end":{}}],"line":122},"9":{"loc":{"start":{"line":127,"column":8},"end":{"line":129,"column":9}},"type":"if","locations":[{"start":{"line":127,"column":8},"end":{"line":129,"column":9}},{"start":{},"end":{}}],"line":127}},"s":{"0":2,"1":2,"2":2,"3":4,"4":4,"5":1,"6":50,"7":3,"8":3,"9":2,"10":1,"11":2,"12":1,"13":1,"14":1,"15":2,"16":4,"17":4,"18":4,"19":4,"20":1,"21":3,"22":2,"23":1,"24":1,"25":1,"26":1,"27":2,"28":5,"29":5,"30":5,"31":5,"32":3,"33":2,"34":2,"35":1,"36":1,"37":1,"38":2,"39":3,"40":3,"41":3,"42":3,"43":3,"44":2,"45":1,"46":1,"47":1,"48":1,"49":1,"50":2,"51":4,"52":4,"53":4,"54":4,"55":3,"56":1,"57":2,"58":1,"59":1,"60":1,"61":1,"62":1,"63":2},"f":{"0":4,"1":50,"2":2,"3":4,"4":5,"5":3,"6":4},"b":{"0":[1,3],"1":[1,1],"2":[1,3],"3":[1,1],"4":[3,2],"5":[5,4,3],"6":[1,1],"7":[2,2],"8":[1,2],"9":[1,1]},"_coverageSchema":"1a1c01bbd47fc00a2c39e90264f33305004495a9","hash":"1aed35c4161b9d1fbe07ae210e488d5fe871cce6"}
,"C:\\Users\\ivyng\\Documents\\uoft-semesters\\w25\\cscc01\\project\\term-group-project-c01w25-project-devour-devs\\server\\controllers\\voiceController.js": {"path":"C:\\Users\\ivyng\\Documents\\uoft-semesters\\w25\\cscc01\\project\\term-group-project-c01w25-project-devour-devs\\server\\controllers\\voiceController.js","statementMap":{"0":{"start":{"line":6,"column":0},"end":{"line":6,"column":15}},"1":{"start":{"line":8,"column":18},"end":{"line":47,"column":1}},"2":{"start":{"line":9,"column":20},"end":{"line":9,"column":48}},"3":{"start":{"line":10,"column":23},"end":{"line":10,"column":38}},"4":{"start":{"line":11,"column":17},"end":{"line":11,"column":31}},"5":{"start":{"line":12,"column":4},"end":{"line":12,"column":60}},"6":{"start":{"line":14,"column":36},"end":{"line":14,"column":104}},"7":{"start":{"line":17,"column":4},"end":{"line":28,"column":5}},"8":{"start":{"line":18,"column":8},"end":{"line":20,"column":11}},"9":{"start":{"line":22,"column":8},"end":{"line":24,"column":9}},"10":{"start":{"line":23,"column":12},"end":{"line":23,"column":57}},"11":{"start":{"line":27,"column":8},"end":{"line":27,"column":54}},"12":{"start":{"line":30,"column":42},"end":{"line":30,"column":131}},"13":{"start":{"line":31,"column":21},"end":{"line":31,"column":61}},"14":{"start":{"line":33,"column":4},"end":{"line":38,"column":5}},"15":{"start":{"line":34,"column":8},"end":{"line":34,"column":119}},"16":{"start":{"line":37,"column":8},"end":{"line":37,"column":54}},"17":{"start":{"line":42,"column":25},"end":{"line":42,"column":77}},"18":{"start":{"line":43,"column":4},"end":{"line":46,"column":6}},"19":{"start":{"line":51,"column":24},"end":{"line":53,"column":1}}},"fnMap":{"0":{"name":"(anonymous_0)","decl":{"start":{"line":8,"column":18},"end":{"line":8,"column":19}},"loc":{"start":{"line":8,"column":38},"end":{"line":47,"column":1}},"line":8}},"branchMap":{"0":{"loc":{"start":{"line":22,"column":8},"end":{"line":24,"column":9}},"type":"if","locations":[{"start":{"line":22,"column":8},"end":{"line":24,"column":9}},{"start":{},"end":{}}],"line":22}},"s":{"0":1,"1":1,"2":0,"3":0,"4":0,"5":0,"6":0,"7":0,"8":0,"9":0,"10":0,"11":0,"12":0,"13":0,"14":0,"15":0,"16":0,"17":0,"18":0,"19":1},"f":{"0":0},"b":{"0":[0,0]},"_coverageSchema":"1a1c01bbd47fc00a2c39e90264f33305004495a9","hash":"b6fe93692920d17ed2eaf889f19f8ef9aa972f35"}
,"C:\\Users\\ivyng\\Documents\\uoft-semesters\\w25\\cscc01\\project\\term-group-project-c01w25-project-devour-devs\\server\\middlewares\\authMiddleware.js": {"path":"C:\\Users\\ivyng\\Documents\\uoft-semesters\\w25\\cscc01\\project\\term-group-project-c01w25-project-devour-devs\\server\\middlewares\\authMiddleware.js","statementMap":{"0":{"start":{"line":4,"column":32},"end":{"line":31,"column":1}},"1":{"start":{"line":5,"column":4},"end":{"line":10,"column":5}},"2":{"start":{"line":6,"column":8},"end":{"line":9,"column":10}},"3":{"start":{"line":12,"column":18},"end":{"line":12,"column":57}},"4":{"start":{"line":13,"column":4},"end":{"line":18,"column":5}},"5":{"start":{"line":14,"column":8},"end":{"line":17,"column":10}},"6":{"start":{"line":20,"column":4},"end":{"line":30,"column":5}},"7":{"start":{"line":21,"column":25},"end":{"line":21,"column":66}},"8":{"start":{"line":23,"column":8},"end":{"line":23,"column":28}},"9":{"start":{"line":24,"column":8},"end":{"line":24,"column":15}},"10":{"start":{"line":26,"column":8},"end":{"line":29,"column":10}},"11":{"start":{"line":34,"column":37},"end":{"line":49,"column":1}},"12":{"start":{"line":52,"column":34},"end":{"line":62,"column":1}},"13":{"start":{"line":65,"column":24},"end":{"line":74,"column":1}},"14":{"start":{"line":66,"column":19},"end":{"line":66,"column":40}},"15":{"start":{"line":67,"column":4},"end":{"line":72,"column":5}},"16":{"start":{"line":68,"column":6},"end":{"line":71,"column":9}},"17":{"start":{"line":73,"column":4},"end":{"line":73,"column":11}}},"fnMap":{"0":{"name":"(anonymous_0)","decl":{"start":{"line":4,"column":32},"end":{"line":4,"column":33}},"loc":{"start":{"line":4,"column":52},"end":{"line":31,"column":1}},"line":4},"1":{"name":"(anonymous_1)","decl":{"start":{"line":65,"column":24},"end":{"line":65,"column":25}},"loc":{"start":{"line":65,"column":44},"end":{"line":74,"column":1}},"line":65}},"branchMap":{"0":{"loc":{"start":{"line":5,"column":4},"end":{"line":10,"column":5}},"type":"if","locations":[{"start":{"line":5,"column":4},"end":{"line":10,"column":5}},{"start":{},"end":{}}],"line":5},"1":{"loc":{"start":{"line":13,"column":4},"end":{"line":18,"column":5}},"type":"if","locations":[{"start":{"line":13,"column":4},"end":{"line":18,"column":5}},{"start":{},"end":{}}],"line":13},"2":{"loc":{"start":{"line":67,"column":4},"end":{"line":72,"column":5}},"type":"if","locations":[{"start":{"line":67,"column":4},"end":{"line":72,"column":5}},{"start":{},"end":{}}],"line":67}},"s":{"0":1,"1":3,"2":1,"3":2,"4":2,"5":0,"6":2,"7":2,"8":1,"9":1,"10":1,"11":1,"12":1,"13":1,"14":5,"15":5,"16":0,"17":5},"f":{"0":3,"1":5},"b":{"0":[1,2],"1":[0,2],"2":[0,5]},"_coverageSchema":"1a1c01bbd47fc00a2c39e90264f33305004495a9","hash":"9ceb4e9d02b78a3f6862164f22b91ea1aef0e118"}
,"C:\\Users\\ivyng\\Documents\\uoft-semesters\\w25\\cscc01\\project\\term-group-project-c01w25-project-devour-devs\\server\\middlewares\\multerMiddleware.js": {"path":"C:\\Users\\ivyng\\Documents\\uoft-semesters\\w25\\cscc01\\project\\term-group-project-c01w25-project-devour-devs\\server\\middlewares\\multerMiddleware.js","statementMap":{"0":{"start":{"line":7,"column":16},"end":{"line":7,"column":38}},"1":{"start":{"line":8,"column":15},"end":{"line":8,"column":43}}},"fnMap":{},"branchMap":{},"s":{"0":1,"1":1},"f":{},"b":{},"_coverageSchema":"1a1c01bbd47fc00a2c39e90264f33305004495a9","hash":"ca2454bb014cd947b8eabf426a6bd47bab99b1b6"}
,"C:\\Users\\ivyng\\Documents\\uoft-semesters\\w25\\cscc01\\project\\term-group-project-c01w25-project-devour-devs\\server\\models\\favouriteModel.js": {"path":"C:\\Users\\ivyng\\Documents\\uoft-semesters\\w25\\cscc01\\project\\term-group-project-c01w25-project-devour-devs\\server\\models\\favouriteModel.js","statementMap":{"0":{"start":{"line":3,"column":24},"end":{"line":6,"column":2}},"1":{"start":{"line":8,"column":18},"end":{"line":8,"column":76}}},"fnMap":{},"branchMap":{},"s":{"0":2,"1":2},"f":{},"b":{},"_coverageSchema":"1a1c01bbd47fc00a2c39e90264f33305004495a9","hash":"0d60cf114ec29690b05e91d903c7f25a0c94d7ea"}
,"C:\\Users\\ivyng\\Documents\\uoft-semesters\\w25\\cscc01\\project\\term-group-project-c01w25-project-devour-devs\\server\\models\\intakeModel.js": {"path":"C:\\Users\\ivyng\\Documents\\uoft-semesters\\w25\\cscc01\\project\\term-group-project-c01w25-project-devour-devs\\server\\models\\intakeModel.js","statementMap":{"0":{"start":{"line":3,"column":21},"end":{"line":12,"column":2}},"1":{"start":{"line":14,"column":15},"end":{"line":14,"column":53}}},"fnMap":{},"branchMap":{},"s":{"0":2,"1":2},"f":{},"b":{},"_coverageSchema":"1a1c01bbd47fc00a2c39e90264f33305004495a9","hash":"0e4a97fbd09b9344df69cde1e28d24d291f2db78"}
,"C:\\Users\\ivyng\\Documents\\uoft-semesters\\w25\\cscc01\\project\\term-group-project-c01w25-project-devour-devs\\server\\models\\mealModel.js": {"path":"C:\\Users\\ivyng\\Documents\\uoft-semesters\\w25\\cscc01\\project\\term-group-project-c01w25-project-devour-devs\\server\\models\\mealModel.js","statementMap":{"0":{"start":{"line":4,"column":19},"end":{"line":8,"column":2}},"1":{"start":{"line":10,"column":13},"end":{"line":10,"column":56}}},"fnMap":{},"branchMap":{},"s":{"0":3,"1":3},"f":{},"b":{},"_coverageSchema":"1a1c01bbd47fc00a2c39e90264f33305004495a9","hash":"7dc2413c3d85fc5539b87f2455447a73f98dcaf9"}
,"C:\\Users\\ivyng\\Documents\\uoft-semesters\\w25\\cscc01\\project\\term-group-project-c01w25-project-devour-devs\\server\\models\\plannerModel.js": {"path":"C:\\Users\\ivyng\\Documents\\uoft-semesters\\w25\\cscc01\\project\\term-group-project-c01w25-project-devour-devs\\server\\models\\plannerModel.js","statementMap":{"0":{"start":{"line":3,"column":22},"end":{"line":11,"column":2}},"1":{"start":{"line":14,"column":16},"end":{"line":14,"column":68}}},"fnMap":{},"branchMap":{},"s":{"0":2,"1":2},"f":{},"b":{},"_coverageSchema":"1a1c01bbd47fc00a2c39e90264f33305004495a9","hash":"2b47c752bdece7ce561e362f649af90e7fd74632"}
,"C:\\Users\\ivyng\\Documents\\uoft-semesters\\w25\\cscc01\\project\\term-group-project-c01w25-project-devour-devs\\server\\models\\ratingModel.js": {"path":"C:\\Users\\ivyng\\Documents\\uoft-semesters\\w25\\cscc01\\project\\term-group-project-c01w25-project-devour-devs\\server\\models\\ratingModel.js","statementMap":{"0":{"start":{"line":3,"column":25},"end":{"line":6,"column":2}},"1":{"start":{"line":8,"column":19},"end":{"line":8,"column":80}}},"fnMap":{},"branchMap":{},"s":{"0":2,"1":2},"f":{},"b":{},"_coverageSchema":"1a1c01bbd47fc00a2c39e90264f33305004495a9","hash":"5d5f87bfc7d92bdbb55695a88e482ec73c05ce2d"}
,"C:\\Users\\ivyng\\Documents\\uoft-semesters\\w25\\cscc01\\project\\term-group-project-c01w25-project-devour-devs\\server\\models\\userModel.js": {"path":"C:\\Users\\ivyng\\Documents\\uoft-semesters\\w25\\cscc01\\project\\term-group-project-c01w25-project-devour-devs\\server\\models\\userModel.js","statementMap":{"0":{"start":{"line":4,"column":19},"end":{"line":8,"column":2}},"1":{"start":{"line":11,"column":0},"end":{"line":15,"column":2}},"2":{"start":{"line":12,"column":4},"end":{"line":12,"column":52}},"3":{"start":{"line":12,"column":38},"end":{"line":12,"column":52}},"4":{"start":{"line":13,"column":4},"end":{"line":13,"column":57}},"5":{"start":{"line":14,"column":4},"end":{"line":14,"column":11}},"6":{"start":{"line":18,"column":0},"end":{"line":20,"column":1}},"7":{"start":{"line":19,"column":4},"end":{"line":19,"column":39}},"8":{"start":{"line":23,"column":0},"end":{"line":25,"column":1}},"9":{"start":{"line":24,"column":4},"end":{"line":24,"column":42}},"10":{"start":{"line":28,"column":0},"end":{"line":30,"column":1}},"11":{"start":{"line":29,"column":4},"end":{"line":29,"column":47}},"12":{"start":{"line":32,"column":13},"end":{"line":32,"column":56}}},"fnMap":{"0":{"name":"(anonymous_0)","decl":{"start":{"line":11,"column":23},"end":{"line":11,"column":24}},"loc":{"start":{"line":11,"column":43},"end":{"line":15,"column":1}},"line":11},"1":{"name":"(anonymous_1)","decl":{"start":{"line":18,"column":37},"end":{"line":18,"column":38}},"loc":{"start":{"line":18,"column":58},"end":{"line":20,"column":1}},"line":18},"2":{"name":"(anonymous_2)","decl":{"start":{"line":23,"column":40},"end":{"line":23,"column":41}},"loc":{"start":{"line":23,"column":66},"end":{"line":25,"column":1}},"line":23},"3":{"name":"(anonymous_3)","decl":{"start":{"line":28,"column":37},"end":{"line":28,"column":38}},"loc":{"start":{"line":28,"column":54},"end":{"line":30,"column":1}},"line":28}},"branchMap":{"0":{"loc":{"start":{"line":12,"column":4},"end":{"line":12,"column":52}},"type":"if","locations":[{"start":{"line":12,"column":4},"end":{"line":12,"column":52}},{"start":{},"end":{}}],"line":12}},"s":{"0":1,"1":1,"2":5,"3":0,"4":5,"5":5,"6":1,"7":5,"8":1,"9":2,"10":1,"11":2,"12":1},"f":{"0":5,"1":5,"2":2,"3":2},"b":{"0":[0,5]},"_coverageSchema":"1a1c01bbd47fc00a2c39e90264f33305004495a9","hash":"717671f74257a0fb4de2e8d8cd579acbb76ed31e"}
,"C:\\Users\\ivyng\\Documents\\uoft-semesters\\w25\\cscc01\\project\\term-group-project-c01w25-project-devour-devs\\server\\routes\\aiAssistantRoutes.js": {"path":"C:\\Users\\ivyng\\Documents\\uoft-semesters\\w25\\cscc01\\project\\term-group-project-c01w25-project-devour-devs\\server\\routes\\aiAssistantRoutes.js","statementMap":{"0":{"start":{"line":4,"column":15},"end":{"line":4,"column":31}},"1":{"start":{"line":6,"column":0},"end":{"line":6,"column":78}},"2":{"start":{"line":7,"column":0},"end":{"line":7,"column":60}}},"fnMap":{},"branchMap":{},"s":{"0":1,"1":1,"2":1},"f":{},"b":{},"_coverageSchema":"1a1c01bbd47fc00a2c39e90264f33305004495a9","hash":"ffb89ad2fd78a70bd26c3c4915cb6d15cd7f25f0"}
,"C:\\Users\\ivyng\\Documents\\uoft-semesters\\w25\\cscc01\\project\\term-group-project-c01w25-project-devour-devs\\server\\routes\\imageRoutes.js": {"path":"C:\\Users\\ivyng\\Documents\\uoft-semesters\\w25\\cscc01\\project\\term-group-project-c01w25-project-devour-devs\\server\\routes\\imageRoutes.js","statementMap":{"0":{"start":{"line":6,"column":15},"end":{"line":6,"column":41}},"1":{"start":{"line":7,"column":15},"end":{"line":7,"column":31}},"2":{"start":{"line":9,"column":0},"end":{"line":9,"column":83}},"3":{"start":{"line":10,"column":0},"end":{"line":10,"column":84}}},"fnMap":{},"branchMap":{},"s":{"0":1,"1":1,"2":1,"3":1},"f":{},"b":{},"_coverageSchema":"1a1c01bbd47fc00a2c39e90264f33305004495a9","hash":"3474972ea92c07fa092d48d85f29267b1ad05fdf"}
,"C:\\Users\\ivyng\\Documents\\uoft-semesters\\w25\\cscc01\\project\\term-group-project-c01w25-project-devour-devs\\server\\routes\\intakeRoutes.js": {"path":"C:\\Users\\ivyng\\Documents\\uoft-semesters\\w25\\cscc01\\project\\term-group-project-c01w25-project-devour-devs\\server\\routes\\intakeRoutes.js","statementMap":{"0":{"start":{"line":5,"column":15},"end":{"line":5,"column":31}},"1":{"start":{"line":7,"column":0},"end":{"line":7,"column":68}},"2":{"start":{"line":8,"column":0},"end":{"line":8,"column":66}},"3":{"start":{"line":9,"column":0},"end":{"line":9,"column":74}},"4":{"start":{"line":10,"column":0},"end":{"line":10,"column":82}},"5":{"start":{"line":11,"column":0},"end":{"line":11,"column":77}}},"fnMap":{},"branchMap":{},"s":{"0":1,"1":1,"2":1,"3":1,"4":1,"5":1},"f":{},"b":{},"_coverageSchema":"1a1c01bbd47fc00a2c39e90264f33305004495a9","hash":"29bb53f7bb9a9e58d89a0e8e2601992d454ded67"}
,"C:\\Users\\ivyng\\Documents\\uoft-semesters\\w25\\cscc01\\project\\term-group-project-c01w25-project-devour-devs\\server\\routes\\mealRoutes.js": {"path":"C:\\Users\\ivyng\\Documents\\uoft-semesters\\w25\\cscc01\\project\\term-group-project-c01w25-project-devour-devs\\server\\routes\\mealRoutes.js","statementMap":{"0":{"start":{"line":5,"column":15},"end":{"line":5,"column":31}},"1":{"start":{"line":7,"column":0},"end":{"line":7,"column":44}},"2":{"start":{"line":8,"column":0},"end":{"line":8,"column":54}},"3":{"start":{"line":9,"column":0},"end":{"line":9,"column":63}},"4":{"start":{"line":10,"column":0},"end":{"line":10,"column":61}},"5":{"start":{"line":11,"column":0},"end":{"line":11,"column":70}},"6":{"start":{"line":12,"column":0},"end":{"line":12,"column":48}},"7":{"start":{"line":13,"column":0},"end":{"line":13,"column":50}},"8":{"start":{"line":14,"column":0},"end":{"line":14,"column":49}},"9":{"start":{"line":15,"column":0},"end":{"line":15,"column":57}},"10":{"start":{"line":16,"column":0},"end":{"line":16,"column":88}}},"fnMap":{},"branchMap":{},"s":{"0":1,"1":1,"2":1,"3":1,"4":1,"5":1,"6":1,"7":1,"8":1,"9":1,"10":1},"f":{},"b":{},"_coverageSchema":"1a1c01bbd47fc00a2c39e90264f33305004495a9","hash":"08b977596f60391a87f0efa509271e4f9b830678"}
,"C:\\Users\\ivyng\\Documents\\uoft-semesters\\w25\\cscc01\\project\\term-group-project-c01w25-project-devour-devs\\server\\routes\\plannerRoutes.js": {"path":"C:\\Users\\ivyng\\Documents\\uoft-semesters\\w25\\cscc01\\project\\term-group-project-c01w25-project-devour-devs\\server\\routes\\plannerRoutes.js","statementMap":{"0":{"start":{"line":5,"column":15},"end":{"line":5,"column":31}},"1":{"start":{"line":10,"column":0},"end":{"line":10,"column":65}},"2":{"start":{"line":11,"column":0},"end":{"line":11,"column":75}},"3":{"start":{"line":12,"column":0},"end":{"line":12,"column":53}},"4":{"start":{"line":13,"column":0},"end":{"line":13,"column":85}},"5":{"start":{"line":14,"column":0},"end":{"line":14,"column":88}}},"fnMap":{},"branchMap":{},"s":{"0":1,"1":1,"2":1,"3":1,"4":1,"5":1},"f":{},"b":{},"_coverageSchema":"1a1c01bbd47fc00a2c39e90264f33305004495a9","hash":"10007f3d89c200df30d88e182ccb591dcd21981f"}
,"C:\\Users\\ivyng\\Documents\\uoft-semesters\\w25\\cscc01\\project\\term-group-project-c01w25-project-devour-devs\\server\\routes\\userRoutes.js": {"path":"C:\\Users\\ivyng\\Documents\\uoft-semesters\\w25\\cscc01\\project\\term-group-project-c01w25-project-devour-devs\\server\\routes\\userRoutes.js","statementMap":{"0":{"start":{"line":6,"column":15},"end":{"line":6,"column":31}},"1":{"start":{"line":8,"column":0},"end":{"line":8,"column":83}},"2":{"start":{"line":9,"column":0},"end":{"line":9,"column":74}},"3":{"start":{"line":10,"column":0},"end":{"line":10,"column":55}},"4":{"start":{"line":11,"column":0},"end":{"line":11,"column":59}}},"fnMap":{},"branchMap":{},"s":{"0":1,"1":1,"2":1,"3":1,"4":1},"f":{},"b":{},"_coverageSchema":"1a1c01bbd47fc00a2c39e90264f33305004495a9","hash":"dba4b9a40c2543438794771ac43a7f4ee7ba98c0"}
,"C:\\Users\\ivyng\\Documents\\uoft-semesters\\w25\\cscc01\\project\\term-group-project-c01w25-project-devour-devs\\server\\routes\\voiceRoutes.js": {"path":"C:\\Users\\ivyng\\Documents\\uoft-semesters\\w25\\cscc01\\project\\term-group-project-c01w25-project-devour-devs\\server\\routes\\voiceRoutes.js","statementMap":{"0":{"start":{"line":5,"column":15},"end":{"line":5,"column":31}},"1":{"start":{"line":7,"column":0},"end":{"line":7,"column":78}}},"fnMap":{},"branchMap":{},"s":{"0":1,"1":1},"f":{},"b":{},"_coverageSchema":"1a1c01bbd47fc00a2c39e90264f33305004495a9","hash":"6e8367a6a01c38706b42eff9399876476dc72ee9"}
}
