TN:
SF:constants.js
FNF:0
FNH:0
DA:1,1
DA:14,1
DA:23,1
LF:3
LH:3
BRF:0
BRH:0
end_of_record
TN:
SF:index.js
FN:32,(anonymous_0)
FN:69,(anonymous_1)
FN:70,(anonymous_2)
FN:73,(anonymous_3)
FNF:4
FNH:0
FNDA:0,(anonymous_0)
FNDA:0,(anonymous_1)
FNDA:0,(anonymous_2)
FNDA:0,(anonymous_3)
DA:18,1
DA:20,1
DA:21,1
DA:22,1
DA:25,1
DA:29,1
DA:32,1
DA:33,0
DA:34,0
DA:41,1
DA:42,1
DA:43,1
DA:44,1
DA:45,0
DA:47,1
DA:48,1
DA:51,1
DA:52,0
DA:53,0
DA:56,1
DA:58,1
DA:59,1
DA:60,1
DA:61,0
DA:62,0
DA:63,0
DA:65,1
DA:67,0
DA:68,0
DA:69,0
DA:70,0
DA:73,0
DA:74,0
LF:33
LH:19
BRDA:44,0,0,0
BRDA:44,0,1,1
BRDA:51,1,0,0
BRDA:51,1,1,1
BRDA:60,2,0,0
BRDA:60,2,1,1
BRDA:65,3,0,0
BRDA:65,3,1,1
BRF:8
BRH:4
end_of_record
TN:
SF:controllers\aiAssistantController.js
FN:17,(anonymous_0)
FN:45,(anonymous_1)
FN:64,(anonymous_2)
FNF:3
FNH:0
FNDA:0,(anonymous_0)
FNDA:0,(anonymous_1)
FNDA:0,(anonymous_2)
DA:5,1
DA:7,1
DA:8,1
DA:9,1
DA:15,1
DA:17,1
DA:18,0
DA:20,0
DA:21,0
DA:24,0
DA:25,0
DA:38,0
DA:41,0
DA:45,1
DA:46,0
DA:48,0
DA:49,0
DA:52,0
DA:53,0
DA:54,0
DA:55,0
DA:57,0
DA:64,1
DA:65,0
DA:67,0
DA:68,0
DA:69,0
DA:70,0
DA:71,0
DA:74,1
LF:30
LH:9
BRDA:20,0,0,0
BRDA:20,0,1,0
BRDA:48,1,0,0
BRDA:48,1,1,0
BRDA:53,2,0,0
BRDA:53,2,1,0
BRDA:68,3,0,0
BRDA:68,3,1,0
BRF:8
BRH:0
end_of_record
TN:
SF:controllers\authController.js
FN:5,(anonymous_0)
FN:50,(anonymous_1)
FN:91,(anonymous_2)
FN:104,(anonymous_3)
FNF:4
FNH:3
FNDA:3,(anonymous_0)
FNDA:2,(anonymous_1)
FNDA:1,(anonymous_2)
FNDA:0,(anonymous_3)
DA:5,1
DA:6,3
DA:7,3
DA:10,3
DA:11,3
DA:12,3
DA:15,3
DA:16,3
DA:17,1
DA:24,2
DA:25,2
DA:26,1
DA:33,1
DA:34,1
DA:36,1
DA:42,0
DA:46,0
DA:50,1
DA:51,2
DA:52,2
DA:55,2
DA:56,2
DA:59,2
DA:60,2
DA:61,0
DA:68,2
DA:76,2
DA:84,0
DA:91,1
DA:92,1
DA:93,0
DA:98,1
DA:104,1
DA:105,0
DA:108,1
LF:35
LH:29
BRDA:16,0,0,1
BRDA:16,0,1,2
BRDA:25,1,0,1
BRDA:25,1,1,1
BRDA:60,2,0,0
BRDA:60,2,1,2
BRDA:60,3,0,2
BRDA:60,3,1,2
BRDA:92,4,0,0
BRDA:92,4,1,1
BRF:10
BRH:8
end_of_record
TN:
SF:controllers\imageController.js
FN:13,(anonymous_0)
FN:27,(anonymous_1)
FN:40,(anonymous_2)
FN:57,(anonymous_3)
FN:57,(anonymous_4)
FN:88,(anonymous_5)
FN:93,(anonymous_6)
FN:95,(anonymous_7)
FN:97,(anonymous_8)
FN:110,(anonymous_9)
FN:115,(anonymous_10)
FN:116,(anonymous_11)
FN:117,(anonymous_12)
FN:128,(anonymous_13)
FNF:14
FNH:1
FNDA:0,(anonymous_0)
FNDA:1,(anonymous_1)
FNDA:0,(anonymous_2)
FNDA:0,(anonymous_3)
FNDA:0,(anonymous_4)
FNDA:0,(anonymous_5)
FNDA:0,(anonymous_6)
FNDA:0,(anonymous_7)
FNDA:0,(anonymous_8)
FNDA:0,(anonymous_9)
FNDA:0,(anonymous_10)
FNDA:0,(anonymous_11)
FNDA:0,(anonymous_12)
FNDA:0,(anonymous_13)
DA:8,1
DA:9,1
DA:13,1
DA:15,0
DA:16,0
DA:17,0
DA:19,0
DA:20,0
DA:21,0
DA:23,0
DA:27,1
DA:28,1
DA:29,1
DA:30,1
DA:31,1
DA:35,1
DA:36,0
DA:38,1
DA:40,1
DA:41,0
DA:42,0
DA:43,0
DA:44,0
DA:47,0
DA:50,0
DA:56,0
DA:57,0
DA:58,0
DA:61,0
DA:62,0
DA:63,0
DA:64,0
DA:65,0
DA:66,0
DA:69,0
DA:70,0
DA:80,0
DA:81,0
DA:84,0
DA:88,1
DA:89,0
DA:90,0
DA:93,1
DA:94,0
DA:95,0
DA:96,0
DA:97,0
DA:99,0
DA:100,0
DA:101,0
DA:103,0
DA:107,0
DA:110,1
DA:111,0
DA:112,0
DA:115,1
DA:116,0
DA:117,0
DA:118,0
DA:119,0
DA:120,0
DA:122,0
DA:128,1
DA:129,0
DA:130,0
DA:131,0
DA:132,0
DA:144,0
DA:145,0
DA:147,0
DA:148,0
DA:151,0
DA:155,1
LF:73
LH:17
BRDA:15,0,0,0
BRDA:15,0,1,0
BRDA:35,1,0,0
BRDA:35,1,1,1
BRDA:43,2,0,0
BRDA:43,2,1,0
BRDA:100,3,0,0
BRDA:100,3,1,0
BRDA:118,4,0,0
BRDA:118,4,1,0
BRF:10
BRH:1
end_of_record
TN:
SF:controllers\intakeController.js
FN:4,(anonymous_0)
FN:21,(anonymous_1)
FN:51,(anonymous_2)
FN:69,(anonymous_3)
FN:93,(anonymous_4)
FN:94,(anonymous_5)
FN:95,(anonymous_6)
FN:96,(anonymous_7)
FN:110,(anonymous_8)
FNF:9
FNH:9
FNDA:2,(anonymous_0)
FNDA:4,(anonymous_1)
FNDA:3,(anonymous_2)
FNDA:4,(anonymous_3)
FNDA:2,(anonymous_4)
FNDA:2,(anonymous_5)
FNDA:2,(anonymous_6)
FNDA:2,(anonymous_7)
FNDA:2,(anonymous_8)
DA:4,2
DA:5,2
DA:7,2
DA:8,2
DA:12,2
DA:13,1
DA:15,1
DA:16,1
DA:21,2
DA:22,4
DA:23,4
DA:25,4
DA:26,1
DA:29,3
DA:30,3
DA:31,3
DA:32,3
DA:34,3
DA:39,2
DA:40,1
DA:42,1
DA:44,1
DA:51,2
DA:52,3
DA:53,3
DA:55,3
DA:56,3
DA:57,2
DA:58,1
DA:61,1
DA:63,1
DA:69,2
DA:70,4
DA:71,4
DA:72,4
DA:73,1
DA:76,3
DA:77,3
DA:78,3
DA:80,3
DA:85,2
DA:86,1
DA:93,2
DA:94,2
DA:95,2
DA:96,2
DA:98,1
DA:106,1
DA:110,2
DA:111,2
DA:113,2
DA:114,2
DA:115,2
DA:116,2
DA:118,2
DA:137,1
DA:139,1
DA:146,2
LF:58
LH:58
BRDA:25,0,0,1
BRDA:25,0,1,3
BRDA:39,1,0,1
BRDA:39,1,1,1
BRDA:57,2,0,1
BRDA:57,2,1,1
BRDA:72,3,0,1
BRDA:72,3,1,3
BRDA:85,4,0,1
BRDA:85,4,1,1
BRF:10
BRH:10
end_of_record
TN:
SF:controllers\mealController.js
FN:11,(anonymous_0)
FN:14,(anonymous_1)
FN:23,(anonymous_2)
FN:37,(anonymous_3)
FN:70,(anonymous_4)
FN:92,(anonymous_5)
FN:103,(anonymous_6)
FN:107,(anonymous_7)
FN:114,(anonymous_8)
FN:132,(anonymous_9)
FN:154,(anonymous_10)
FN:183,(anonymous_11)
FN:202,(anonymous_12)
FN:217,(anonymous_13)
FN:223,(anonymous_14)
FN:231,(anonymous_15)
FN:235,(anonymous_16)
FN:239,(anonymous_17)
FN:240,(anonymous_18)
FN:241,(anonymous_19)
FN:241,(anonymous_20)
FN:242,(anonymous_21)
FN:242,(anonymous_22)
FN:252,(anonymous_23)
FNF:24
FNH:24
FNDA:5,(anonymous_0)
FNDA:101,(anonymous_1)
FNDA:2,(anonymous_2)
FNDA:5,(anonymous_3)
FNDA:6,(anonymous_4)
FNDA:3,(anonymous_5)
FNDA:2,(anonymous_6)
FNDA:2,(anonymous_7)
FNDA:6,(anonymous_8)
FNDA:6,(anonymous_9)
FNDA:5,(anonymous_10)
FNDA:5,(anonymous_11)
FNDA:3,(anonymous_12)
FNDA:2,(anonymous_13)
FNDA:4,(anonymous_14)
FNDA:4,(anonymous_15)
FNDA:4,(anonymous_16)
FNDA:3,(anonymous_17)
FNDA:4,(anonymous_18)
FNDA:6,(anonymous_19)
FNDA:7,(anonymous_20)
FNDA:6,(anonymous_21)
FNDA:7,(anonymous_22)
FNDA:2,(anonymous_23)
DA:7,2
DA:9,2
DA:11,2
DA:12,5
DA:13,5
DA:14,101
DA:17,3
DA:18,3
DA:22,2
DA:23,2
DA:28,1
DA:30,1
DA:33,1
DA:37,2
DA:38,5
DA:40,5
DA:41,1
DA:44,4
DA:45,4
DA:46,1
DA:49,3
DA:50,3
DA:53,2
DA:54,1
DA:59,1
DA:61,1
DA:63,1
DA:66,1
DA:70,2
DA:71,6
DA:72,6
DA:73,3
DA:76,3
DA:78,3
DA:79,2
DA:80,1
DA:83,1
DA:84,1
DA:85,1
DA:87,1
DA:88,1
DA:92,2
DA:94,3
DA:96,3
DA:97,1
DA:100,2
DA:102,2
DA:103,2
DA:106,1
DA:107,2
DA:109,1
DA:110,1
DA:114,2
DA:115,6
DA:116,6
DA:117,3
DA:119,3
DA:120,3
DA:121,2
DA:122,1
DA:124,1
DA:127,1
DA:128,1
DA:132,2
DA:133,6
DA:134,6
DA:135,4
DA:138,2
DA:140,2
DA:146,1
DA:149,1
DA:150,1
DA:154,2
DA:155,5
DA:156,5
DA:157,1
DA:161,4
DA:162,4
DA:163,3
DA:164,1
DA:166,2
DA:167,2
DA:168,2
DA:169,3
DA:170,3
DA:172,2
DA:173,1
DA:175,1
DA:176,1
DA:178,1
DA:179,1
DA:183,2
DA:184,5
DA:185,5
DA:186,1
DA:189,4
DA:190,4
DA:191,3
DA:192,2
DA:194,1
DA:196,1
DA:197,1
DA:202,2
DA:203,3
DA:204,3
DA:205,3
DA:206,1
DA:209,2
DA:217,2
DA:219,1
DA:223,2
DA:224,4
DA:225,4
DA:226,4
DA:227,2
DA:231,4
DA:234,2
DA:235,4
DA:239,1
DA:240,4
DA:241,7
DA:242,7
DA:243,3
DA:252,2
DA:253,1
DA:254,1
DA:256,1
DA:260,2
LF:128
LH:128
BRDA:13,0,0,2
BRDA:13,0,1,3
BRDA:22,1,0,1
BRDA:22,1,1,1
BRDA:40,2,0,1
BRDA:40,2,1,4
BRDA:45,3,0,1
BRDA:45,3,1,3
BRDA:53,4,0,1
BRDA:53,4,1,1
BRDA:72,5,0,3
BRDA:72,5,1,3
BRDA:72,6,0,6
BRDA:72,6,1,4
BRDA:79,7,0,1
BRDA:79,7,1,1
BRDA:96,8,0,1
BRDA:96,8,1,2
BRDA:116,9,0,3
BRDA:116,9,1,3
BRDA:116,10,0,6
BRDA:116,10,1,4
BRDA:121,11,0,1
BRDA:121,11,1,1
BRDA:134,12,0,4
BRDA:134,12,1,2
BRDA:134,13,0,6
BRDA:134,13,1,4
BRDA:134,13,2,3
BRDA:156,14,0,1
BRDA:156,14,1,4
BRDA:163,15,0,1
BRDA:163,15,1,2
BRDA:163,16,0,3
BRDA:163,16,1,2
BRDA:172,17,0,1
BRDA:172,17,1,1
BRDA:185,18,0,1
BRDA:185,18,1,4
BRDA:191,19,0,2
BRDA:191,19,1,1
BRDA:191,20,0,3
BRDA:191,20,1,2
BRDA:205,21,0,1
BRDA:205,21,1,2
BRDA:226,22,0,2
BRDA:226,22,1,2
BRDA:226,23,0,4
BRDA:226,23,1,3
BRDA:241,24,0,7
BRDA:241,24,1,3
BRDA:242,25,0,7
BRDA:242,25,1,3
BRF:53
BRH:53
end_of_record
TN:
SF:controllers\plannerController.js
FN:11,(anonymous_0)
FN:15,(anonymous_1)
FN:26,(anonymous_2)
FN:43,(anonymous_3)
FN:69,(anonymous_4)
FN:94,(anonymous_5)
FN:115,(anonymous_6)
FNF:7
FNH:7
FNDA:4,(anonymous_0)
FNDA:50,(anonymous_1)
FNDA:2,(anonymous_2)
FNDA:4,(anonymous_3)
FNDA:5,(anonymous_4)
FNDA:3,(anonymous_5)
FNDA:4,(anonymous_6)
DA:7,2
DA:9,2
DA:11,2
DA:13,4
DA:14,4
DA:15,50
DA:18,3
DA:19,3
DA:25,2
DA:26,2
DA:31,1
DA:33,1
DA:36,1
DA:43,2
DA:44,4
DA:45,4
DA:46,4
DA:48,4
DA:49,1
DA:53,3
DA:55,2
DA:56,1
DA:59,1
DA:62,1
DA:63,1
DA:69,2
DA:70,5
DA:71,5
DA:72,5
DA:74,5
DA:75,3
DA:78,2
DA:84,2
DA:85,1
DA:88,1
DA:89,1
DA:94,2
DA:95,3
DA:96,3
DA:97,3
DA:98,3
DA:100,3
DA:101,2
DA:102,1
DA:105,1
DA:106,1
DA:108,1
DA:110,1
DA:115,2
DA:116,4
DA:117,4
DA:118,4
DA:121,4
DA:122,3
DA:123,1
DA:127,2
DA:128,1
DA:132,1
DA:134,1
DA:137,1
DA:138,1
DA:142,2
LF:62
LH:62
BRDA:14,0,0,1
BRDA:14,0,1,3
BRDA:25,1,0,1
BRDA:25,1,1,1
BRDA:48,2,0,1
BRDA:48,2,1,3
BRDA:55,3,0,1
BRDA:55,3,1,1
BRDA:74,4,0,3
BRDA:74,4,1,2
BRDA:74,5,0,5
BRDA:74,5,1,4
BRDA:74,5,2,3
BRDA:101,6,0,1
BRDA:101,6,1,1
BRDA:101,7,0,2
BRDA:101,7,1,2
BRDA:122,8,0,1
BRDA:122,8,1,2
BRDA:127,9,0,1
BRDA:127,9,1,1
BRF:21
BRH:21
end_of_record
TN:
SF:controllers\voiceController.js
FN:8,(anonymous_0)
FNF:1
FNH:0
FNDA:0,(anonymous_0)
DA:6,1
DA:8,1
DA:9,0
DA:10,0
DA:11,0
DA:12,0
DA:14,0
DA:17,0
DA:18,0
DA:22,0
DA:23,0
DA:27,0
DA:30,0
DA:31,0
DA:33,0
DA:34,0
DA:37,0
DA:42,0
DA:43,0
DA:51,1
LF:20
LH:3
BRDA:22,0,0,0
BRDA:22,0,1,0
BRF:2
BRH:0
end_of_record
TN:
SF:middlewares\authMiddleware.js
FN:4,(anonymous_0)
FN:65,(anonymous_1)
FNF:2
FNH:2
FNDA:3,(anonymous_0)
FNDA:5,(anonymous_1)
DA:4,1
DA:5,3
DA:6,1
DA:12,2
DA:13,2
DA:14,0
DA:20,2
DA:21,2
DA:23,1
DA:24,1
DA:26,1
DA:34,1
DA:52,1
DA:65,1
DA:66,5
DA:67,5
DA:68,0
DA:73,5
LF:18
LH:16
BRDA:5,0,0,1
BRDA:5,0,1,2
BRDA:13,1,0,0
BRDA:13,1,1,2
BRDA:67,2,0,0
BRDA:67,2,1,5
BRF:6
BRH:4
end_of_record
TN:
SF:middlewares\multerMiddleware.js
FNF:0
FNH:0
DA:7,1
DA:8,1
LF:2
LH:2
BRF:0
BRH:0
end_of_record
TN:
SF:models\favouriteModel.js
FNF:0
FNH:0
DA:3,2
DA:8,2
LF:2
LH:2
BRF:0
BRH:0
end_of_record
TN:
SF:models\intakeModel.js
FNF:0
FNH:0
DA:3,2
DA:14,2
LF:2
LH:2
BRF:0
BRH:0
end_of_record
TN:
SF:models\mealModel.js
FNF:0
FNH:0
DA:4,3
DA:10,3
LF:2
LH:2
BRF:0
BRH:0
end_of_record
TN:
SF:models\plannerModel.js
FNF:0
FNH:0
DA:3,2
DA:14,2
LF:2
LH:2
BRF:0
BRH:0
end_of_record
TN:
SF:models\ratingModel.js
FNF:0
FNH:0
DA:3,2
DA:8,2
LF:2
LH:2
BRF:0
BRH:0
end_of_record
TN:
SF:models\userModel.js
FN:11,(anonymous_0)
FN:18,(anonymous_1)
FN:23,(anonymous_2)
FN:28,(anonymous_3)
FNF:4
FNH:4
FNDA:5,(anonymous_0)
FNDA:5,(anonymous_1)
FNDA:2,(anonymous_2)
FNDA:2,(anonymous_3)
DA:4,1
DA:11,1
DA:12,5
DA:13,5
DA:14,5
DA:18,1
DA:19,5
DA:23,1
DA:24,2
DA:28,1
DA:29,2
DA:32,1
LF:12
LH:12
BRDA:12,0,0,0
BRDA:12,0,1,5
BRF:2
BRH:1
end_of_record
TN:
SF:routes\aiAssistantRoutes.js
FNF:0
FNH:0
DA:4,1
DA:6,1
DA:7,1
LF:3
LH:3
BRF:0
BRH:0
end_of_record
TN:
SF:routes\imageRoutes.js
FNF:0
FNH:0
DA:6,1
DA:7,1
DA:9,1
DA:10,1
LF:4
LH:4
BRF:0
BRH:0
end_of_record
TN:
SF:routes\intakeRoutes.js
FNF:0
FNH:0
DA:5,1
DA:7,1
DA:8,1
DA:9,1
DA:10,1
DA:11,1
LF:6
LH:6
BRF:0
BRH:0
end_of_record
TN:
SF:routes\mealRoutes.js
FNF:0
FNH:0
DA:5,1
DA:7,1
DA:8,1
DA:9,1
DA:10,1
DA:11,1
DA:12,1
DA:13,1
DA:14,1
DA:15,1
DA:16,1
LF:11
LH:11
BRF:0
BRH:0
end_of_record
TN:
SF:routes\plannerRoutes.js
FNF:0
FNH:0
DA:5,1
DA:10,1
DA:11,1
DA:12,1
DA:13,1
DA:14,1
LF:6
LH:6
BRF:0
BRH:0
end_of_record
TN:
SF:routes\userRoutes.js
FNF:0
FNH:0
DA:6,1
DA:8,1
DA:9,1
DA:10,1
DA:11,1
LF:5
LH:5
BRF:0
BRH:0
end_of_record
TN:
SF:routes\voiceRoutes.js
FNF:0
FNH:0
DA:5,1
DA:7,1
LF:2
LH:2
BRF:0
BRH:0
end_of_record
